This file contains any messages produced by compilers while
running configure, to aid debugging if configure makes a mistake.

It was created by ODE configure 0.16.5, which was
generated by GNU Autoconf 2.69.  Invocation command line was

  $ ./configure 

## --------- ##
## Platform. ##
## --------- ##

hostname = Humzas-MBP.attlocal.net
uname -m = arm64
uname -r = 21.3.0
uname -s = Darwin
uname -v = Darwin Kernel Version 21.3.0: Wed Jan  5 21:37:58 PST 2022; root:xnu-8019.80.24~20/RELEASE_ARM64_T6000

/usr/bin/uname -p = arm
/bin/uname -X     = unknown

/bin/arch              = unknown
/usr/bin/arch -k       = unknown
/usr/convex/getsysinfo = unknown
/usr/bin/hostinfo      = Mach kernel version:
	 Darwin Kernel Version 21.3.0: Wed Jan  5 21:37:58 PST 2022; root:xnu-8019.80.24~20/RELEASE_ARM64_T6000
Kernel configured for up to 10 processors.
10 processors are physically available.
10 processors are logically available.
Processor type: arm64e (ARM64E)
Processors active: 0 1 2 3 4 5 6 7 8 9
Primary memory available: 16.00 gigabytes
Default processor set: 535 tasks, 2931 threads, 10 processors
Load average: 11.00, Mach factor: 3.00
/bin/machine           = unknown
/usr/bin/oslevel       = unknown
/bin/universe          = unknown

PATH: /Users/humzaqureshi/.opam/default/bin
PATH: /opt/homebrew/opt/protobuf@21/bin
PATH: /opt/homebrew/opt/protobuf@3/bin
PATH: /Users/humzaqureshi/.nvm/versions/node/v16.20.2/bin
PATH: /opt/homebrew/opt/coreutils/libexec/gnubin
PATH: /Users/humzaqureshi/GitHub/c-modules/bin
PATH: /Users/humzaqureshi/GitHub/sugaryc/bin
PATH: /opt/homebrew/opt/llvm/bin
PATH: /opt/homebrew/opt/flex/bin
PATH: /opt/homebrew/opt/bison/bin
PATH: /Users/humzaqureshi/.opam/default/bin
PATH: /Users/humzaqureshi/GitHub/easyA/bin
PATH: /Users/humzaqureshi/GitHub/FPC/bin
PATH: /opt/homebrew/opt/llvm/bin
PATH: /Users/humzaqureshi/GitHub/fsci/bin
PATH: /Users/humzaqureshi/GitHub/Moth/bin
PATH: /Users/humzaqureshi/.nimble/bin
PATH: /Library/Frameworks/Python.framework/Versions/3.9/bin
PATH: /Library/Frameworks/Python.framework/Versions/3.10/bin
PATH: /usr/local/bin
PATH: /usr/bin
PATH: /bin
PATH: /usr/sbin
PATH: /sbin
PATH: /Library/TeX/texbin
PATH: /opt/homebrew/opt/protobuf@21/bin
PATH: /opt/homebrew/opt/protobuf@3/bin
PATH: /Users/humzaqureshi/.nvm/versions/node/v16.20.2/bin
PATH: /opt/homebrew/opt/coreutils/libexec/gnubin
PATH: /Users/humzaqureshi/.opam/default/bin
PATH: /Users/humzaqureshi/GitHub/c-modules/bin
PATH: /Users/humzaqureshi/GitHub/sugaryc/bin
PATH: /opt/homebrew/opt/llvm/bin
PATH: /opt/homebrew/opt/flex/bin
PATH: /opt/homebrew/opt/bison/bin
PATH: /Users/humzaqureshi/GitHub/easyA/bin
PATH: /Users/humzaqureshi/GitHub/FPC/bin
PATH: /Users/humzaqureshi/GitHub/fsci/bin
PATH: /Users/humzaqureshi/GitHub/Moth/bin
PATH: /Users/humzaqureshi/.nimble/bin
PATH: /Library/Frameworks/Python.framework/Versions/3.9/bin
PATH: /Library/Frameworks/Python.framework/Versions/3.10/bin
PATH: /Users/humzaqureshi/miniforge3/bin
PATH: /Users/humzaqureshi/miniforge3/condabin
PATH: /opt/homebrew/bin
PATH: /Users/humzaqureshi/svniwanttodie/scivis-work/scivis-2024/tpz/bin-osx
PATH: /Applications/Racket v8.12/bin
PATH: /Users/humzaqureshi/GitHub/Humza-s-Epic-C-Tools/bin
PATH: /opt/homebrew/bin
PATH: /usr/local/bin
PATH: /Users/humzaqureshi/svniwanttodie/scivis-work/scivis-2024/tpz/bin-osx
PATH: /Applications/Racket v8.12/bin
PATH: /Users/humzaqureshi/GitHub/Humza-s-Epic-C-Tools/bin


## ----------- ##
## Core tests. ##
## ----------- ##

configure:2765: checking build system type
configure:2779: result: arm-apple-darwin21.3.0
configure:2799: checking host system type
configure:2812: result: arm-apple-darwin21.3.0
configure:2849: checking for a BSD-compatible install
configure:2917: result: /opt/homebrew/opt/coreutils/libexec/gnubin/install -c
configure:2928: checking whether build environment is sane
configure:2983: result: yes
configure:3134: checking for a thread-safe mkdir -p
configure:3173: result: /opt/homebrew/opt/coreutils/libexec/gnubin/mkdir -p
configure:3180: checking for gawk
configure:3210: result: no
configure:3180: checking for mawk
configure:3210: result: no
configure:3180: checking for nawk
configure:3210: result: no
configure:3180: checking for awk
configure:3196: found /usr/bin/awk
configure:3207: result: awk
configure:3218: checking whether make sets $(MAKE)
configure:3240: result: yes
configure:3269: checking whether make supports nested variables
configure:3286: result: yes
configure:3415: checking whether make sets $(MAKE)
configure:3437: result: yes
configure:3504: checking for g++
configure:3520: found /usr/bin/g++
configure:3531: result: g++
configure:3558: checking for C++ compiler version
configure:3567: g++ --version >&5
Apple clang version 13.1.6 (clang-1316.0.21.2.5)
Target: arm64-apple-darwin21.3.0
Thread model: posix
InstalledDir: /Applications/Xcode.app/Contents/Developer/Toolchains/XcodeDefault.xctoolchain/usr/bin
configure:3578: $? = 0
configure:3567: g++ -v >&5
Apple clang version 13.1.6 (clang-1316.0.21.2.5)
Target: arm64-apple-darwin21.3.0
Thread model: posix
InstalledDir: /Applications/Xcode.app/Contents/Developer/Toolchains/XcodeDefault.xctoolchain/usr/bin
configure:3578: $? = 0
configure:3567: g++ -V >&5
clang: error: argument to '-V' is missing (expected 1 value)
clang: error: no input files
configure:3578: $? = 1
configure:3567: g++ -qversion >&5
clang: error: unknown argument '-qversion'; did you mean '--version'?
clang: error: no input files
configure:3578: $? = 1
configure:3598: checking whether the C++ compiler works
configure:3620: g++    conftest.cpp  >&5
configure:3624: $? = 0
configure:3672: result: yes
configure:3675: checking for C++ compiler default output file name
configure:3677: result: a.out
configure:3683: checking for suffix of executables
configure:3690: g++ -o conftest    conftest.cpp  >&5
configure:3694: $? = 0
configure:3716: result: 
configure:3738: checking whether we are cross compiling
configure:3746: g++ -o conftest    conftest.cpp  >&5
configure:3750: $? = 0
configure:3757: ./conftest
configure:3761: $? = 0
configure:3776: result: no
configure:3781: checking for suffix of object files
configure:3803: g++ -c   conftest.cpp >&5
configure:3807: $? = 0
configure:3828: result: o
configure:3832: checking whether we are using the GNU C++ compiler
configure:3851: g++ -c   conftest.cpp >&5
configure:3851: $? = 0
configure:3860: result: yes
configure:3869: checking whether g++ accepts -g
configure:3889: g++ -c -g  conftest.cpp >&5
configure:3889: $? = 0
configure:3930: result: yes
configure:3964: checking for style of include used by make
configure:3992: result: GNU
configure:4018: checking dependency style of g++
configure:4129: result: gcc3
configure:4192: checking for gcc
configure:4208: found /usr/bin/gcc
configure:4219: result: gcc
configure:4448: checking for C compiler version
configure:4457: gcc --version >&5
Apple clang version 13.1.6 (clang-1316.0.21.2.5)
Target: arm64-apple-darwin21.3.0
Thread model: posix
InstalledDir: /Applications/Xcode.app/Contents/Developer/Toolchains/XcodeDefault.xctoolchain/usr/bin
configure:4468: $? = 0
configure:4457: gcc -v >&5
Apple clang version 13.1.6 (clang-1316.0.21.2.5)
Target: arm64-apple-darwin21.3.0
Thread model: posix
InstalledDir: /Applications/Xcode.app/Contents/Developer/Toolchains/XcodeDefault.xctoolchain/usr/bin
configure:4468: $? = 0
configure:4457: gcc -V >&5
clang: error: argument to '-V' is missing (expected 1 value)
clang: error: no input files
configure:4468: $? = 1
configure:4457: gcc -qversion >&5
clang: error: unknown argument '-qversion'; did you mean '--version'?
clang: error: no input files
configure:4468: $? = 1
configure:4472: checking whether we are using the GNU C compiler
configure:4491: gcc -c   conftest.c >&5
configure:4491: $? = 0
configure:4500: result: yes
configure:4509: checking whether gcc accepts -g
configure:4529: gcc -c -g  conftest.c >&5
configure:4529: $? = 0
configure:4570: result: yes
configure:4587: checking for gcc option to accept ISO C89
configure:4650: gcc  -c -g -O2  conftest.c >&5
configure:4650: $? = 0
configure:4663: result: none needed
configure:4688: checking whether gcc understands -c and -o together
configure:4710: gcc -c conftest.c -o conftest2.o
configure:4713: $? = 0
configure:4710: gcc -c conftest.c -o conftest2.o
configure:4713: $? = 0
configure:4725: result: yes
configure:4744: checking dependency style of gcc
configure:4855: result: gcc3
configure:4876: checking how to run the C preprocessor
configure:4907: gcc -E  conftest.c
configure:4907: $? = 0
configure:4921: gcc -E  conftest.c
conftest.c:11:10: fatal error: 'ac_nonexistent.h' file not found
#include <ac_nonexistent.h>
         ^~~~~~~~~~~~~~~~~~
1 error generated.
configure:4921: $? = 1
configure: failed program was:
| /* confdefs.h */
| #define PACKAGE_NAME "ODE"
| #define PACKAGE_TARNAME "ode"
| #define PACKAGE_VERSION "0.16.5"
| #define PACKAGE_STRING "ODE 0.16.5"
| #define PACKAGE_BUGREPORT "ode@ode.org"
| #define PACKAGE_URL ""
| #define PACKAGE "ode"
| #define VERSION "0.16.5"
| /* end confdefs.h.  */
| #include <ac_nonexistent.h>
configure:4946: result: gcc -E
configure:4966: gcc -E  conftest.c
configure:4966: $? = 0
configure:4980: gcc -E  conftest.c
conftest.c:11:10: fatal error: 'ac_nonexistent.h' file not found
#include <ac_nonexistent.h>
         ^~~~~~~~~~~~~~~~~~
1 error generated.
configure:4980: $? = 1
configure: failed program was:
| /* confdefs.h */
| #define PACKAGE_NAME "ODE"
| #define PACKAGE_TARNAME "ode"
| #define PACKAGE_VERSION "0.16.5"
| #define PACKAGE_STRING "ODE 0.16.5"
| #define PACKAGE_BUGREPORT "ode@ode.org"
| #define PACKAGE_URL ""
| #define PACKAGE "ode"
| #define VERSION "0.16.5"
| /* end confdefs.h.  */
| #include <ac_nonexistent.h>
configure:5012: checking for gawk
configure:5039: result: awk
configure:5051: checking whether ln -s works
configure:5055: result: yes
configure:5109: checking how to print strings
configure:5136: result: printf
configure:5157: checking for a sed that does not truncate output
configure:5221: result: /usr/bin/sed
configure:5239: checking for grep that handles long lines and -e
configure:5297: result: /usr/bin/grep
configure:5302: checking for egrep
configure:5364: result: /usr/bin/grep -E
configure:5369: checking for fgrep
configure:5431: result: /usr/bin/grep -F
configure:5466: checking for ld used by gcc
configure:5533: result: /Applications/Xcode.app/Contents/Developer/Toolchains/XcodeDefault.xctoolchain/usr/bin/ld
configure:5540: checking if the linker (/Applications/Xcode.app/Contents/Developer/Toolchains/XcodeDefault.xctoolchain/usr/bin/ld) is GNU ld
configure:5555: result: no
configure:5567: checking for BSD- or MS-compatible name lister (nm)
configure:5621: result: /usr/bin/nm -B
configure:5751: checking the name lister (/usr/bin/nm -B) interface
configure:5758: gcc -c -g -O2  conftest.c >&5
configure:5761: /usr/bin/nm -B "conftest.o"
configure:5764: output
0000000000000264 S _some_variable
0000000000000000 t ltmp0
0000000000000264 s ltmp1
configure:5771: result: BSD nm
configure:5775: checking the maximum length of command line arguments
configure:5906: result: 786432
configure:5954: checking how to convert arm-apple-darwin21.3.0 file names to arm-apple-darwin21.3.0 format
configure:5994: result: func_convert_file_noop
configure:6001: checking how to convert arm-apple-darwin21.3.0 file names to toolchain format
configure:6021: result: func_convert_file_noop
configure:6028: checking for /Applications/Xcode.app/Contents/Developer/Toolchains/XcodeDefault.xctoolchain/usr/bin/ld option to reload object files
configure:6035: result: -r
configure:6109: checking for objdump
configure:6125: found /usr/bin/objdump
configure:6136: result: objdump
configure:6165: checking how to recognize dependent libraries
configure:6365: result: pass_all
configure:6450: checking for dlltool
configure:6480: result: no
configure:6507: checking how to associate runtime and link libraries
configure:6534: result: printf %s\n
configure:6595: checking for ar
configure:6611: found /usr/bin/ar
configure:6622: result: ar
configure:6659: checking for archiver @FILE support
configure:6676: gcc -c -g -O2  conftest.c >&5
configure:6676: $? = 0
configure:6679: ar cru libconftest.a @conftest.lst >&5
ar: @conftest.lst: No such file or directory
configure:6682: $? = 1
configure:6702: result: no
configure:6760: checking for strip
configure:6776: found /usr/bin/strip
configure:6787: result: strip
configure:6859: checking for ranlib
configure:6875: found /usr/bin/ranlib
configure:6886: result: ranlib
configure:6988: checking command to parse /usr/bin/nm -B output from gcc object
configure:7141: gcc -c -g -O2  conftest.c >&5
configure:7144: $? = 0
configure:7148: /usr/bin/nm -B conftest.o \| sed -n -e 's/^.*[ ]\([ABCDGIRSTW][ABCDGIRSTW]*\)[ ][ ]*\([_A-Za-z][_A-Za-z0-9]*\)$/\1 \2 \2/p' | sed '/ __gnu_lto/d' \> conftest.nm
configure:7151: $? = 0
cannot find nm_test_var in conftest.nm
configure:7141: gcc -c -g -O2  conftest.c >&5
configure:7144: $? = 0
configure:7148: /usr/bin/nm -B conftest.o \| sed -n -e 's/^.*[ ]\([ABCDGIRSTW][ABCDGIRSTW]*\)[ ][ ]*_\([_A-Za-z][_A-Za-z0-9]*\)$/\1 _\2 \2/p' | sed '/ __gnu_lto/d' \> conftest.nm
configure:7151: $? = 0
configure:7217: gcc -o conftest -g -O2   conftest.c conftstm.o >&5
warning: (arm64)  could not find object file symbol for symbol _main
configure:7220: $? = 0
configure:7258: result: ok
configure:7305: checking for sysroot
configure:7335: result: no
configure:7342: checking for a working dd
configure:7380: result: /opt/homebrew/opt/coreutils/libexec/gnubin/dd
configure:7384: checking how to truncate binary pipes
configure:7399: result: /opt/homebrew/opt/coreutils/libexec/gnubin/dd bs=4096 count=1
configure:7728: checking for mt
configure:7758: result: no
configure:7778: checking if : is a manifest tool
configure:7784: : '-?'
configure:7792: result: no
configure:7848: checking for dsymutil
configure:7864: found /opt/homebrew/opt/llvm/bin/dsymutil
configure:7875: result: dsymutil
configure:7940: checking for nmedit
configure:7956: found /usr/bin/nmedit
configure:7967: result: nmedit
configure:8032: checking for lipo
configure:8048: found /usr/bin/lipo
configure:8059: result: lipo
configure:8124: checking for otool
configure:8140: found /usr/bin/otool
configure:8151: result: otool
configure:8216: checking for otool64
configure:8246: result: no
configure:8291: checking for -single_module linker flag
gcc -g -O2  -o libconftest.dylib -dynamiclib -Wl,-single_module conftest.c
configure:8324: result: yes
configure:8327: checking for -exported_symbols_list linker flag
configure:8347: gcc -o conftest -g -O2   -Wl,-exported_symbols_list,conftest.sym conftest.c  >&5
configure:8347: $? = 0
configure:8357: result: yes
configure:8360: checking for -force_load linker flag
gcc -g -O2 -c -o conftest.o conftest.c
ar cru libconftest.a conftest.o
ranlib libconftest.a
gcc -g -O2  -o conftest conftest.c -Wl,-force_load,./libconftest.a
configure:8392: result: yes
configure:8465: checking for ANSI C header files
configure:8485: gcc -c -g -O2  conftest.c >&5
configure:8485: $? = 0
configure:8558: gcc -o conftest -g -O2   conftest.c  >&5
configure:8558: $? = 0
configure:8558: ./conftest
configure:8558: $? = 0
configure:8569: result: yes
configure:8582: checking for sys/types.h
configure:8582: gcc -c -g -O2  conftest.c >&5
configure:8582: $? = 0
configure:8582: result: yes
configure:8582: checking for sys/stat.h
configure:8582: gcc -c -g -O2  conftest.c >&5
configure:8582: $? = 0
configure:8582: result: yes
configure:8582: checking for stdlib.h
configure:8582: gcc -c -g -O2  conftest.c >&5
configure:8582: $? = 0
configure:8582: result: yes
configure:8582: checking for string.h
configure:8582: gcc -c -g -O2  conftest.c >&5
configure:8582: $? = 0
configure:8582: result: yes
configure:8582: checking for memory.h
configure:8582: gcc -c -g -O2  conftest.c >&5
configure:8582: $? = 0
configure:8582: result: yes
configure:8582: checking for strings.h
configure:8582: gcc -c -g -O2  conftest.c >&5
configure:8582: $? = 0
configure:8582: result: yes
configure:8582: checking for inttypes.h
configure:8582: gcc -c -g -O2  conftest.c >&5
configure:8582: $? = 0
configure:8582: result: yes
configure:8582: checking for stdint.h
configure:8582: gcc -c -g -O2  conftest.c >&5
configure:8582: $? = 0
configure:8582: result: yes
configure:8582: checking for unistd.h
configure:8582: gcc -c -g -O2  conftest.c >&5
configure:8582: $? = 0
configure:8582: result: yes
configure:8596: checking for dlfcn.h
configure:8596: gcc -c -g -O2  conftest.c >&5
configure:8596: $? = 0
configure:8596: result: yes
configure:9160: checking for objdir
configure:9175: result: .libs
configure:9439: checking if gcc supports -fno-rtti -fno-exceptions
configure:9457: gcc -c -g -O2  -fno-rtti -fno-exceptions conftest.c >&5
configure:9461: $? = 0
configure:9474: result: yes
configure:9832: checking for gcc option to produce PIC
configure:9839: result: -fno-common -DPIC
configure:9847: checking if gcc PIC flag -fno-common -DPIC works
configure:9865: gcc -c -g -O2  -fno-common -DPIC -DPIC conftest.c >&5
configure:9869: $? = 0
configure:9882: result: yes
configure:9911: checking if gcc static flag -static works
configure:9939: result: no
configure:9954: checking if gcc supports -c -o file.o
configure:9975: gcc -c -g -O2  -o out/conftest2.o conftest.c >&5
configure:9979: $? = 0
configure:10001: result: yes
configure:10009: checking if gcc supports -c -o file.o
configure:10056: result: yes
configure:10089: checking whether the gcc linker (/Applications/Xcode.app/Contents/Developer/Toolchains/XcodeDefault.xctoolchain/usr/bin/ld) supports shared libraries
configure:11352: result: yes
configure:11592: checking dynamic linker characteristics
configure:12422: result: darwin21.3.0 dyld
configure:12544: checking how to hardcode library paths into programs
configure:12569: result: immediate
configure:13117: checking whether stripping libraries is possible
configure:13131: result: yes
configure:13157: checking if libtool supports shared libraries
configure:13159: result: yes
configure:13162: checking whether to build shared libraries
configure:13187: result: no
configure:13190: checking whether to build static libraries
configure:13194: result: yes
configure:13217: checking how to run the C++ preprocessor
configure:13244: g++ -E  conftest.cpp
configure:13244: $? = 0
configure:13258: g++ -E  conftest.cpp
conftest.cpp:23:10: fatal error: 'ac_nonexistent.h' file not found
#include <ac_nonexistent.h>
         ^~~~~~~~~~~~~~~~~~
1 error generated.
configure:13258: $? = 1
configure: failed program was:
| /* confdefs.h */
| #define PACKAGE_NAME "ODE"
| #define PACKAGE_TARNAME "ode"
| #define PACKAGE_VERSION "0.16.5"
| #define PACKAGE_STRING "ODE 0.16.5"
| #define PACKAGE_BUGREPORT "ode@ode.org"
| #define PACKAGE_URL ""
| #define PACKAGE "ode"
| #define VERSION "0.16.5"
| #define STDC_HEADERS 1
| #define HAVE_SYS_TYPES_H 1
| #define HAVE_SYS_STAT_H 1
| #define HAVE_STDLIB_H 1
| #define HAVE_STRING_H 1
| #define HAVE_MEMORY_H 1
| #define HAVE_STRINGS_H 1
| #define HAVE_INTTYPES_H 1
| #define HAVE_STDINT_H 1
| #define HAVE_UNISTD_H 1
| #define HAVE_DLFCN_H 1
| #define LT_OBJDIR ".libs/"
| /* end confdefs.h.  */
| #include <ac_nonexistent.h>
configure:13283: result: g++ -E
configure:13303: g++ -E  conftest.cpp
configure:13303: $? = 0
configure:13317: g++ -E  conftest.cpp
conftest.cpp:23:10: fatal error: 'ac_nonexistent.h' file not found
#include <ac_nonexistent.h>
         ^~~~~~~~~~~~~~~~~~
1 error generated.
configure:13317: $? = 1
configure: failed program was:
| /* confdefs.h */
| #define PACKAGE_NAME "ODE"
| #define PACKAGE_TARNAME "ode"
| #define PACKAGE_VERSION "0.16.5"
| #define PACKAGE_STRING "ODE 0.16.5"
| #define PACKAGE_BUGREPORT "ode@ode.org"
| #define PACKAGE_URL ""
| #define PACKAGE "ode"
| #define VERSION "0.16.5"
| #define STDC_HEADERS 1
| #define HAVE_SYS_TYPES_H 1
| #define HAVE_SYS_STAT_H 1
| #define HAVE_STDLIB_H 1
| #define HAVE_STRING_H 1
| #define HAVE_MEMORY_H 1
| #define HAVE_STRINGS_H 1
| #define HAVE_INTTYPES_H 1
| #define HAVE_STDINT_H 1
| #define HAVE_UNISTD_H 1
| #define HAVE_DLFCN_H 1
| #define LT_OBJDIR ".libs/"
| /* end confdefs.h.  */
| #include <ac_nonexistent.h>
configure:13479: checking for ld used by g++
configure:13546: result: /Applications/Xcode.app/Contents/Developer/Toolchains/XcodeDefault.xctoolchain/usr/bin/ld
configure:13553: checking if the linker (/Applications/Xcode.app/Contents/Developer/Toolchains/XcodeDefault.xctoolchain/usr/bin/ld) is GNU ld
configure:13568: result: no
configure:13623: checking whether the g++ linker (/Applications/Xcode.app/Contents/Developer/Toolchains/XcodeDefault.xctoolchain/usr/bin/ld) supports shared libraries
configure:14696: result: yes
configure:14732: g++ -c -g -O2  conftest.cpp >&5
configure:14735: $? = 0
configure:15216: checking for g++ option to produce PIC
configure:15223: result: -fno-common -DPIC
configure:15231: checking if g++ PIC flag -fno-common -DPIC works
configure:15249: g++ -c -g -O2  -fno-common -DPIC -DPIC conftest.cpp >&5
configure:15253: $? = 0
configure:15266: result: yes
configure:15289: checking if g++ static flag -static works
configure:15317: result: no
configure:15329: checking if g++ supports -c -o file.o
configure:15350: g++ -c -g -O2  -o out/conftest2.o conftest.cpp >&5
configure:15354: $? = 0
configure:15376: result: yes
configure:15381: checking if g++ supports -c -o file.o
configure:15428: result: yes
configure:15458: checking whether the g++ linker (/Applications/Xcode.app/Contents/Developer/Toolchains/XcodeDefault.xctoolchain/usr/bin/ld) supports shared libraries
configure:15501: result: yes
configure:15642: checking dynamic linker characteristics
configure:16399: result: darwin21.3.0 dyld
configure:16464: checking how to hardcode library paths into programs
configure:16489: result: immediate
configure:16599: checking for windres
configure:16629: result: no
configure:16651: checking whether byte ordering is bigendian
configure:16666: gcc -c -g -O2  conftest.c >&5
configure:16666: $? = 0
configure:16711: gcc -c -g -O2  conftest.c >&5
configure:16711: $? = 0
configure:16729: gcc -c -g -O2  conftest.c >&5
conftest.c:30:4: error: use of undeclared identifier 'not'
                 not big endian
                 ^
1 error generated.
configure:16729: $? = 1
configure: failed program was:
| /* confdefs.h */
| #define PACKAGE_NAME "ODE"
| #define PACKAGE_TARNAME "ode"
| #define PACKAGE_VERSION "0.16.5"
| #define PACKAGE_STRING "ODE 0.16.5"
| #define PACKAGE_BUGREPORT "ode@ode.org"
| #define PACKAGE_URL ""
| #define PACKAGE "ode"
| #define VERSION "0.16.5"
| #define STDC_HEADERS 1
| #define HAVE_SYS_TYPES_H 1
| #define HAVE_SYS_STAT_H 1
| #define HAVE_STDLIB_H 1
| #define HAVE_STRING_H 1
| #define HAVE_MEMORY_H 1
| #define HAVE_STRINGS_H 1
| #define HAVE_INTTYPES_H 1
| #define HAVE_STDINT_H 1
| #define HAVE_UNISTD_H 1
| #define HAVE_DLFCN_H 1
| #define LT_OBJDIR ".libs/"
| /* end confdefs.h.  */
| #include <sys/types.h>
| 		#include <sys/param.h>
| 
| int
| main ()
| {
| #if BYTE_ORDER != BIG_ENDIAN
| 		 not big endian
| 		#endif
| 
|   ;
|   return 0;
| }
configure:16857: result: no
configure:16875: checking for inline
configure:16891: gcc -c -g -O2  conftest.c >&5
configure:16891: $? = 0
configure:16899: result: inline
configure:16917: checking for working volatile
configure:16936: gcc -c -g -O2  conftest.c >&5
configure:16936: $? = 0
configure:16943: result: yes
configure:17004: checking for pkg-config
configure:17022: found /opt/homebrew/bin/pkg-config
configure:17034: result: /opt/homebrew/bin/pkg-config
configure:17059: checking pkg-config is at least version 0.9.0
configure:17062: result: yes
configure:17076: checking for doxygen
configure:17092: found /opt/homebrew/bin/doxygen
configure:17103: result: doxygen
configure:17161: checking alloca.h usability
configure:17161: gcc -c -g -O2  conftest.c >&5
configure:17161: $? = 0
configure:17161: result: yes
configure:17161: checking alloca.h presence
configure:17161: gcc -E  conftest.c
configure:17161: $? = 0
configure:17161: result: yes
configure:17161: checking for alloca.h
configure:17161: result: yes
configure:17161: checking stdio.h usability
configure:17161: gcc -c -g -O2  conftest.c >&5
configure:17161: $? = 0
configure:17161: result: yes
configure:17161: checking stdio.h presence
configure:17161: gcc -E  conftest.c
configure:17161: $? = 0
configure:17161: result: yes
configure:17161: checking for stdio.h
configure:17161: result: yes
configure:17161: checking for inttypes.h
configure:17161: result: yes
configure:17161: checking for stdint.h
configure:17161: result: yes
configure:17161: checking for stdlib.h
configure:17161: result: yes
configure:17161: checking math.h usability
configure:17161: gcc -c -g -O2  conftest.c >&5
configure:17161: $? = 0
configure:17161: result: yes
configure:17161: checking math.h presence
configure:17161: gcc -E  conftest.c
configure:17161: $? = 0
configure:17161: result: yes
configure:17161: checking for math.h
configure:17161: result: yes
configure:17161: checking for string.h
configure:17161: result: yes
configure:17161: checking stdarg.h usability
configure:17161: gcc -c -g -O2  conftest.c >&5
configure:17161: $? = 0
configure:17161: result: yes
configure:17161: checking stdarg.h presence
configure:17161: gcc -E  conftest.c
configure:17161: $? = 0
configure:17161: result: yes
configure:17161: checking for stdarg.h
configure:17161: result: yes
configure:17161: checking malloc.h usability
configure:17161: gcc -c -g -O2  conftest.c >&5
conftest.c:64:10: fatal error: 'malloc.h' file not found
#include <malloc.h>
         ^~~~~~~~~~
1 error generated.
configure:17161: $? = 1
configure: failed program was:
| /* confdefs.h */
| #define PACKAGE_NAME "ODE"
| #define PACKAGE_TARNAME "ode"
| #define PACKAGE_VERSION "0.16.5"
| #define PACKAGE_STRING "ODE 0.16.5"
| #define PACKAGE_BUGREPORT "ode@ode.org"
| #define PACKAGE_URL ""
| #define PACKAGE "ode"
| #define VERSION "0.16.5"
| #define STDC_HEADERS 1
| #define HAVE_SYS_TYPES_H 1
| #define HAVE_SYS_STAT_H 1
| #define HAVE_STDLIB_H 1
| #define HAVE_STRING_H 1
| #define HAVE_MEMORY_H 1
| #define HAVE_STRINGS_H 1
| #define HAVE_INTTYPES_H 1
| #define HAVE_STDINT_H 1
| #define HAVE_UNISTD_H 1
| #define HAVE_DLFCN_H 1
| #define LT_OBJDIR ".libs/"
| #define HAVE_ALLOCA_H 1
| #define HAVE_STDIO_H 1
| #define HAVE_INTTYPES_H 1
| #define HAVE_STDINT_H 1
| #define HAVE_STDLIB_H 1
| #define HAVE_MATH_H 1
| #define HAVE_STRING_H 1
| #define HAVE_STDARG_H 1
| /* end confdefs.h.  */
| #include <stdio.h>
| #ifdef HAVE_SYS_TYPES_H
| # include <sys/types.h>
| #endif
| #ifdef HAVE_SYS_STAT_H
| # include <sys/stat.h>
| #endif
| #ifdef STDC_HEADERS
| # include <stdlib.h>
| # include <stddef.h>
| #else
| # ifdef HAVE_STDLIB_H
| #  include <stdlib.h>
| # endif
| #endif
| #ifdef HAVE_STRING_H
| # if !defined STDC_HEADERS && defined HAVE_MEMORY_H
| #  include <memory.h>
| # endif
| # include <string.h>
| #endif
| #ifdef HAVE_STRINGS_H
| # include <strings.h>
| #endif
| #ifdef HAVE_INTTYPES_H
| # include <inttypes.h>
| #endif
| #ifdef HAVE_STDINT_H
| # include <stdint.h>
| #endif
| #ifdef HAVE_UNISTD_H
| # include <unistd.h>
| #endif
| #include <malloc.h>
configure:17161: result: no
configure:17161: checking malloc.h presence
configure:17161: gcc -E  conftest.c
conftest.c:31:10: fatal error: 'malloc.h' file not found
#include <malloc.h>
         ^~~~~~~~~~
1 error generated.
configure:17161: $? = 1
configure: failed program was:
| /* confdefs.h */
| #define PACKAGE_NAME "ODE"
| #define PACKAGE_TARNAME "ode"
| #define PACKAGE_VERSION "0.16.5"
| #define PACKAGE_STRING "ODE 0.16.5"
| #define PACKAGE_BUGREPORT "ode@ode.org"
| #define PACKAGE_URL ""
| #define PACKAGE "ode"
| #define VERSION "0.16.5"
| #define STDC_HEADERS 1
| #define HAVE_SYS_TYPES_H 1
| #define HAVE_SYS_STAT_H 1
| #define HAVE_STDLIB_H 1
| #define HAVE_STRING_H 1
| #define HAVE_MEMORY_H 1
| #define HAVE_STRINGS_H 1
| #define HAVE_INTTYPES_H 1
| #define HAVE_STDINT_H 1
| #define HAVE_UNISTD_H 1
| #define HAVE_DLFCN_H 1
| #define LT_OBJDIR ".libs/"
| #define HAVE_ALLOCA_H 1
| #define HAVE_STDIO_H 1
| #define HAVE_INTTYPES_H 1
| #define HAVE_STDINT_H 1
| #define HAVE_STDLIB_H 1
| #define HAVE_MATH_H 1
| #define HAVE_STRING_H 1
| #define HAVE_STDARG_H 1
| /* end confdefs.h.  */
| #include <malloc.h>
configure:17161: result: no
configure:17161: checking for malloc.h
configure:17161: result: no
configure:17161: checking float.h usability
configure:17161: gcc -c -g -O2  conftest.c >&5
configure:17161: $? = 0
configure:17161: result: yes
configure:17161: checking float.h presence
configure:17161: gcc -E  conftest.c
configure:17161: $? = 0
configure:17161: result: yes
configure:17161: checking for float.h
configure:17161: result: yes
configure:17161: checking time.h usability
configure:17161: gcc -c -g -O2  conftest.c >&5
configure:17161: $? = 0
configure:17161: result: yes
configure:17161: checking time.h presence
configure:17161: gcc -E  conftest.c
configure:17161: $? = 0
configure:17161: result: yes
configure:17161: checking for time.h
configure:17161: result: yes
configure:17161: checking sys/time.h usability
configure:17161: gcc -c -g -O2  conftest.c >&5
configure:17161: $? = 0
configure:17161: result: yes
configure:17161: checking sys/time.h presence
configure:17161: gcc -E  conftest.c
configure:17161: $? = 0
configure:17161: result: yes
configure:17161: checking for sys/time.h
configure:17161: result: yes
configure:17161: checking limits.h usability
configure:17161: gcc -c -g -O2  conftest.c >&5
configure:17161: $? = 0
configure:17161: result: yes
configure:17161: checking limits.h presence
configure:17161: gcc -E  conftest.c
configure:17161: $? = 0
configure:17161: result: yes
configure:17161: checking for limits.h
configure:17161: result: yes
configure:17161: checking stddef.h usability
configure:17161: gcc -c -g -O2  conftest.c >&5
configure:17161: $? = 0
configure:17161: result: yes
configure:17161: checking stddef.h presence
configure:17161: gcc -E  conftest.c
configure:17161: $? = 0
configure:17161: result: yes
configure:17161: checking for stddef.h
configure:17161: result: yes
configure:17219: checking if double precision is requested
configure:17228: result: no
configure:17275: checking which drawstuff lib to build
configure:17277: result: OSX
configure:17566: checking if demos should be built
configure:17582: result: yes
configure:17587: checking for main in -lstdc++
configure:17606: g++ -o conftest -g -O2   conftest.c -lstdc++   >&5
clang: warning: treating 'c' input as 'c++' when in C++ mode, this behavior is deprecated [-Wdeprecated]
configure:17606: $? = 0
configure:17615: result: yes
configure:17624: checking for main in -lpthread
configure:17643: g++ -o conftest -g -O2   conftest.c -lpthread   >&5
clang: warning: treating 'c' input as 'c++' when in C++ mode, this behavior is deprecated [-Wdeprecated]
configure:17643: $? = 0
configure:17652: result: yes
configure:17686: checking for gprof
configure:17736: result: no
configure:17741: checking for stdbool.h that conforms to C99
configure:17808: g++ -c -g -O2  conftest.c >&5
clang: warning: treating 'c' input as 'c++' when in C++ mode, this behavior is deprecated [-Wdeprecated]
conftest.c:40:15: error: expected unqualified-id
              "error: bool is not defined"
              ^
conftest.c:58:48: error: C++ requires a type specifier for all declarations
             struct s { _Bool s: 1; _Bool t; } s;
                                               ^
2 errors generated.
configure:17808: $? = 1
configure: failed program was:
| /* confdefs.h */
| #define PACKAGE_NAME "ODE"
| #define PACKAGE_TARNAME "ode"
| #define PACKAGE_VERSION "0.16.5"
| #define PACKAGE_STRING "ODE 0.16.5"
| #define PACKAGE_BUGREPORT "ode@ode.org"
| #define PACKAGE_URL ""
| #define PACKAGE "ode"
| #define VERSION "0.16.5"
| #define STDC_HEADERS 1
| #define HAVE_SYS_TYPES_H 1
| #define HAVE_SYS_STAT_H 1
| #define HAVE_STDLIB_H 1
| #define HAVE_STRING_H 1
| #define HAVE_MEMORY_H 1
| #define HAVE_STRINGS_H 1
| #define HAVE_INTTYPES_H 1
| #define HAVE_STDINT_H 1
| #define HAVE_UNISTD_H 1
| #define HAVE_DLFCN_H 1
| #define LT_OBJDIR ".libs/"
| #define HAVE_ALLOCA_H 1
| #define HAVE_STDIO_H 1
| #define HAVE_INTTYPES_H 1
| #define HAVE_STDINT_H 1
| #define HAVE_STDLIB_H 1
| #define HAVE_MATH_H 1
| #define HAVE_STRING_H 1
| #define HAVE_STDARG_H 1
| #define HAVE_FLOAT_H 1
| #define HAVE_TIME_H 1
| #define HAVE_SYS_TIME_H 1
| #define HAVE_LIMITS_H 1
| #define HAVE_STDDEF_H 1
| #define HAVE_APPLE_OPENGL_FRAMEWORK 1
| /* end confdefs.h.  */
| 
|              #include <stdbool.h>
|              #ifndef bool
|               "error: bool is not defined"
|              #endif
|              #ifndef false
|               "error: false is not defined"
|              #endif
|              #if false
|               "error: false is not 0"
|              #endif
|              #ifndef true
|               "error: true is not defined"
|              #endif
|              #if true != 1
|               "error: true is not 1"
|              #endif
|              #ifndef __bool_true_false_are_defined
|               "error: __bool_true_false_are_defined is not defined"
|              #endif
| 
|              struct s { _Bool s: 1; _Bool t; } s;
| 
|              char a[true == 1 ? 1 : -1];
|              char b[false == 0 ? 1 : -1];
|              char c[__bool_true_false_are_defined == 1 ? 1 : -1];
|              char d[(bool) 0.5 == true ? 1 : -1];
|              /* See body of main program for 'e'.  */
|              char f[(_Bool) 0.0 == false ? 1 : -1];
|              char g[true];
|              char h[sizeof (_Bool)];
|              char i[sizeof s.t];
|              enum { j = false, k = true, l = false * true, m = true * 256 };
|              /* The following fails for
|                 HP aC++/ANSI C B3910B A.05.55 [Dec 04 2003]. */
|              _Bool n[m];
|              char o[sizeof n == m * sizeof n[0] ? 1 : -1];
|              char p[-1 - (_Bool) 0 < 0 && -1 - (bool) 0 < 0 ? 1 : -1];
|              /* Catch a bug in an HP-UX C compiler.  See
|                 http://gcc.gnu.org/ml/gcc-patches/2003-12/msg02303.html
|                 http://lists.gnu.org/archive/html/bug-coreutils/2005-11/msg00161.html
|               */
|              _Bool q = true;
|              _Bool *pq = &q;
| 
| int
| main ()
| {
| 
|              bool e = &s;
|              *pq |= q;
|              *pq |= ! q;
|              /* Refer to every declared value, to avoid compiler optimizations.  */
|              return (!a + !b + !c + !d + !e + !f + !g + !h + !i + !!j + !k + !!l
|                      + !m + !n + !o + !p + !q + !pq);
| 
|   ;
|   return 0;
| }
configure:17815: result: no
configure:17817: checking for _Bool
configure:17817: g++ -c -g -O2  conftest.c >&5
clang: warning: treating 'c' input as 'c++' when in C++ mode, this behavior is deprecated [-Wdeprecated]
conftest.c:73:13: error: use of undeclared identifier '_Bool'
if (sizeof (_Bool))
            ^
1 error generated.
configure:17817: $? = 1
configure: failed program was:
| /* confdefs.h */
| #define PACKAGE_NAME "ODE"
| #define PACKAGE_TARNAME "ode"
| #define PACKAGE_VERSION "0.16.5"
| #define PACKAGE_STRING "ODE 0.16.5"
| #define PACKAGE_BUGREPORT "ode@ode.org"
| #define PACKAGE_URL ""
| #define PACKAGE "ode"
| #define VERSION "0.16.5"
| #define STDC_HEADERS 1
| #define HAVE_SYS_TYPES_H 1
| #define HAVE_SYS_STAT_H 1
| #define HAVE_STDLIB_H 1
| #define HAVE_STRING_H 1
| #define HAVE_MEMORY_H 1
| #define HAVE_STRINGS_H 1
| #define HAVE_INTTYPES_H 1
| #define HAVE_STDINT_H 1
| #define HAVE_UNISTD_H 1
| #define HAVE_DLFCN_H 1
| #define LT_OBJDIR ".libs/"
| #define HAVE_ALLOCA_H 1
| #define HAVE_STDIO_H 1
| #define HAVE_INTTYPES_H 1
| #define HAVE_STDINT_H 1
| #define HAVE_STDLIB_H 1
| #define HAVE_MATH_H 1
| #define HAVE_STRING_H 1
| #define HAVE_STDARG_H 1
| #define HAVE_FLOAT_H 1
| #define HAVE_TIME_H 1
| #define HAVE_SYS_TIME_H 1
| #define HAVE_LIMITS_H 1
| #define HAVE_STDDEF_H 1
| #define HAVE_APPLE_OPENGL_FRAMEWORK 1
| /* end confdefs.h.  */
| #include <stdio.h>
| #ifdef HAVE_SYS_TYPES_H
| # include <sys/types.h>
| #endif
| #ifdef HAVE_SYS_STAT_H
| # include <sys/stat.h>
| #endif
| #ifdef STDC_HEADERS
| # include <stdlib.h>
| # include <stddef.h>
| #else
| # ifdef HAVE_STDLIB_H
| #  include <stdlib.h>
| # endif
| #endif
| #ifdef HAVE_STRING_H
| # if !defined STDC_HEADERS && defined HAVE_MEMORY_H
| #  include <memory.h>
| # endif
| # include <string.h>
| #endif
| #ifdef HAVE_STRINGS_H
| # include <strings.h>
| #endif
| #ifdef HAVE_INTTYPES_H
| # include <inttypes.h>
| #endif
| #ifdef HAVE_STDINT_H
| # include <stdint.h>
| #endif
| #ifdef HAVE_UNISTD_H
| # include <unistd.h>
| #endif
| int
| main ()
| {
| if (sizeof (_Bool))
| 	 return 0;
|   ;
|   return 0;
| }
configure:17817: result: no
configure:17834: checking for inline
configure:17858: result: inline
configure:17876: checking for int32_t
configure:17876: g++ -c -g -O2  conftest.c >&5
clang: warning: treating 'c' input as 'c++' when in C++ mode, this behavior is deprecated [-Wdeprecated]
configure:17876: $? = 0
configure:17876: g++ -c -g -O2  conftest.c >&5
clang: warning: treating 'c' input as 'c++' when in C++ mode, this behavior is deprecated [-Wdeprecated]
conftest.c:75:53: warning: overflow in expression; result is -2147483648 with type 'int' [-Winteger-overflow]
                 < (int32_t) (((((int32_t) 1 << N) << N) - 1) * 2 + 2))];
                                                                  ^
conftest.c:74:24: error: 'test_array' declared as an array with a negative size
static int test_array [1 - 2 * !((int32_t) (((((int32_t) 1 << N) << N) - 1) * 2 + 1)
                       ^~~~~~~~~~~~~~~~~~~~~~~~~~~~~~~~~~~~~~~~~~~~~~~~~~~~~~~~~~~~~
1 warning and 1 error generated.
configure:17876: $? = 1
configure: failed program was:
| /* confdefs.h */
| #define PACKAGE_NAME "ODE"
| #define PACKAGE_TARNAME "ode"
| #define PACKAGE_VERSION "0.16.5"
| #define PACKAGE_STRING "ODE 0.16.5"
| #define PACKAGE_BUGREPORT "ode@ode.org"
| #define PACKAGE_URL ""
| #define PACKAGE "ode"
| #define VERSION "0.16.5"
| #define STDC_HEADERS 1
| #define HAVE_SYS_TYPES_H 1
| #define HAVE_SYS_STAT_H 1
| #define HAVE_STDLIB_H 1
| #define HAVE_STRING_H 1
| #define HAVE_MEMORY_H 1
| #define HAVE_STRINGS_H 1
| #define HAVE_INTTYPES_H 1
| #define HAVE_STDINT_H 1
| #define HAVE_UNISTD_H 1
| #define HAVE_DLFCN_H 1
| #define LT_OBJDIR ".libs/"
| #define HAVE_ALLOCA_H 1
| #define HAVE_STDIO_H 1
| #define HAVE_INTTYPES_H 1
| #define HAVE_STDINT_H 1
| #define HAVE_STDLIB_H 1
| #define HAVE_MATH_H 1
| #define HAVE_STRING_H 1
| #define HAVE_STDARG_H 1
| #define HAVE_FLOAT_H 1
| #define HAVE_TIME_H 1
| #define HAVE_SYS_TIME_H 1
| #define HAVE_LIMITS_H 1
| #define HAVE_STDDEF_H 1
| #define HAVE_APPLE_OPENGL_FRAMEWORK 1
| /* end confdefs.h.  */
| #include <stdio.h>
| #ifdef HAVE_SYS_TYPES_H
| # include <sys/types.h>
| #endif
| #ifdef HAVE_SYS_STAT_H
| # include <sys/stat.h>
| #endif
| #ifdef STDC_HEADERS
| # include <stdlib.h>
| # include <stddef.h>
| #else
| # ifdef HAVE_STDLIB_H
| #  include <stdlib.h>
| # endif
| #endif
| #ifdef HAVE_STRING_H
| # if !defined STDC_HEADERS && defined HAVE_MEMORY_H
| #  include <memory.h>
| # endif
| # include <string.h>
| #endif
| #ifdef HAVE_STRINGS_H
| # include <strings.h>
| #endif
| #ifdef HAVE_INTTYPES_H
| # include <inttypes.h>
| #endif
| #ifdef HAVE_STDINT_H
| # include <stdint.h>
| #endif
| #ifdef HAVE_UNISTD_H
| # include <unistd.h>
| #endif
| 	        enum { N = 32 / 2 - 1 };
| int
| main ()
| {
| static int test_array [1 - 2 * !((int32_t) (((((int32_t) 1 << N) << N) - 1) * 2 + 1)
| 		 < (int32_t) (((((int32_t) 1 << N) << N) - 1) * 2 + 2))];
| test_array [0] = 0;
| return test_array [0];
| 
|   ;
|   return 0;
| }
configure:17876: result: yes
configure:17887: checking for obstacks
configure:17908: g++ -o conftest -g -O2   conftest.c  -lpthread >&5
clang: warning: treating 'c' input as 'c++' when in C++ mode, this behavior is deprecated [-Wdeprecated]
conftest.c:70:18: fatal error: 'obstack.h' file not found
                      #include "obstack.h"
                               ^~~~~~~~~~~
1 error generated.
configure:17908: $? = 1
configure: failed program was:
| /* confdefs.h */
| #define PACKAGE_NAME "ODE"
| #define PACKAGE_TARNAME "ode"
| #define PACKAGE_VERSION "0.16.5"
| #define PACKAGE_STRING "ODE 0.16.5"
| #define PACKAGE_BUGREPORT "ode@ode.org"
| #define PACKAGE_URL ""
| #define PACKAGE "ode"
| #define VERSION "0.16.5"
| #define STDC_HEADERS 1
| #define HAVE_SYS_TYPES_H 1
| #define HAVE_SYS_STAT_H 1
| #define HAVE_STDLIB_H 1
| #define HAVE_STRING_H 1
| #define HAVE_MEMORY_H 1
| #define HAVE_STRINGS_H 1
| #define HAVE_INTTYPES_H 1
| #define HAVE_STDINT_H 1
| #define HAVE_UNISTD_H 1
| #define HAVE_DLFCN_H 1
| #define LT_OBJDIR ".libs/"
| #define HAVE_ALLOCA_H 1
| #define HAVE_STDIO_H 1
| #define HAVE_INTTYPES_H 1
| #define HAVE_STDINT_H 1
| #define HAVE_STDLIB_H 1
| #define HAVE_MATH_H 1
| #define HAVE_STRING_H 1
| #define HAVE_STDARG_H 1
| #define HAVE_FLOAT_H 1
| #define HAVE_TIME_H 1
| #define HAVE_SYS_TIME_H 1
| #define HAVE_LIMITS_H 1
| #define HAVE_STDDEF_H 1
| #define HAVE_APPLE_OPENGL_FRAMEWORK 1
| /* end confdefs.h.  */
| #include <stdio.h>
| #ifdef HAVE_SYS_TYPES_H
| # include <sys/types.h>
| #endif
| #ifdef HAVE_SYS_STAT_H
| # include <sys/stat.h>
| #endif
| #ifdef STDC_HEADERS
| # include <stdlib.h>
| # include <stddef.h>
| #else
| # ifdef HAVE_STDLIB_H
| #  include <stdlib.h>
| # endif
| #endif
| #ifdef HAVE_STRING_H
| # if !defined STDC_HEADERS && defined HAVE_MEMORY_H
| #  include <memory.h>
| # endif
| # include <string.h>
| #endif
| #ifdef HAVE_STRINGS_H
| # include <strings.h>
| #endif
| #ifdef HAVE_INTTYPES_H
| # include <inttypes.h>
| #endif
| #ifdef HAVE_STDINT_H
| # include <stdint.h>
| #endif
| #ifdef HAVE_UNISTD_H
| # include <unistd.h>
| #endif
| 		      #include "obstack.h"
| int
| main ()
| {
| struct obstack mem;
| 		       #define obstack_chunk_alloc malloc
| 		       #define obstack_chunk_free free
| 		       obstack_init (&mem);
| 		       obstack_free (&mem, 0);
|   ;
|   return 0;
| }
configure:17916: result: no
configure:17931: checking for size_t
configure:17931: g++ -c -g -O2  conftest.c >&5
clang: warning: treating 'c' input as 'c++' when in C++ mode, this behavior is deprecated [-Wdeprecated]
configure:17931: $? = 0
configure:17931: g++ -c -g -O2  conftest.c >&5
clang: warning: treating 'c' input as 'c++' when in C++ mode, this behavior is deprecated [-Wdeprecated]
conftest.c:73:21: error: expected expression
if (sizeof ((size_t)))
                    ^
1 error generated.
configure:17931: $? = 1
configure: failed program was:
| /* confdefs.h */
| #define PACKAGE_NAME "ODE"
| #define PACKAGE_TARNAME "ode"
| #define PACKAGE_VERSION "0.16.5"
| #define PACKAGE_STRING "ODE 0.16.5"
| #define PACKAGE_BUGREPORT "ode@ode.org"
| #define PACKAGE_URL ""
| #define PACKAGE "ode"
| #define VERSION "0.16.5"
| #define STDC_HEADERS 1
| #define HAVE_SYS_TYPES_H 1
| #define HAVE_SYS_STAT_H 1
| #define HAVE_STDLIB_H 1
| #define HAVE_STRING_H 1
| #define HAVE_MEMORY_H 1
| #define HAVE_STRINGS_H 1
| #define HAVE_INTTYPES_H 1
| #define HAVE_STDINT_H 1
| #define HAVE_UNISTD_H 1
| #define HAVE_DLFCN_H 1
| #define LT_OBJDIR ".libs/"
| #define HAVE_ALLOCA_H 1
| #define HAVE_STDIO_H 1
| #define HAVE_INTTYPES_H 1
| #define HAVE_STDINT_H 1
| #define HAVE_STDLIB_H 1
| #define HAVE_MATH_H 1
| #define HAVE_STRING_H 1
| #define HAVE_STDARG_H 1
| #define HAVE_FLOAT_H 1
| #define HAVE_TIME_H 1
| #define HAVE_SYS_TIME_H 1
| #define HAVE_LIMITS_H 1
| #define HAVE_STDDEF_H 1
| #define HAVE_APPLE_OPENGL_FRAMEWORK 1
| /* end confdefs.h.  */
| #include <stdio.h>
| #ifdef HAVE_SYS_TYPES_H
| # include <sys/types.h>
| #endif
| #ifdef HAVE_SYS_STAT_H
| # include <sys/stat.h>
| #endif
| #ifdef STDC_HEADERS
| # include <stdlib.h>
| # include <stddef.h>
| #else
| # ifdef HAVE_STDLIB_H
| #  include <stdlib.h>
| # endif
| #endif
| #ifdef HAVE_STRING_H
| # if !defined STDC_HEADERS && defined HAVE_MEMORY_H
| #  include <memory.h>
| # endif
| # include <string.h>
| #endif
| #ifdef HAVE_STRINGS_H
| # include <strings.h>
| #endif
| #ifdef HAVE_INTTYPES_H
| # include <inttypes.h>
| #endif
| #ifdef HAVE_STDINT_H
| # include <stdint.h>
| #endif
| #ifdef HAVE_UNISTD_H
| # include <unistd.h>
| #endif
| int
| main ()
| {
| if (sizeof ((size_t)))
| 	    return 0;
|   ;
|   return 0;
| }
configure:17931: result: yes
configure:17942: checking for uint32_t
configure:17942: g++ -c -g -O2  conftest.c >&5
clang: warning: treating 'c' input as 'c++' when in C++ mode, this behavior is deprecated [-Wdeprecated]
configure:17942: $? = 0
configure:17942: result: yes
configure:17957: checking for main in -lm
configure:17976: g++ -o conftest -g -O2   conftest.c -lm   -lpthread >&5
clang: warning: treating 'c' input as 'c++' when in C++ mode, this behavior is deprecated [-Wdeprecated]
configure:17976: $? = 0
configure:17985: result: yes
configure:17996: checking for main in -lsunmath
configure:18015: g++ -o conftest -g -O2   conftest.c -lsunmath  -lm  -lpthread >&5
clang: warning: treating 'c' input as 'c++' when in C++ mode, this behavior is deprecated [-Wdeprecated]
ld: library not found for -lsunmath
clang: error: linker command failed with exit code 1 (use -v to see invocation)
configure:18015: $? = 1
configure: failed program was:
| /* confdefs.h */
| #define PACKAGE_NAME "ODE"
| #define PACKAGE_TARNAME "ode"
| #define PACKAGE_VERSION "0.16.5"
| #define PACKAGE_STRING "ODE 0.16.5"
| #define PACKAGE_BUGREPORT "ode@ode.org"
| #define PACKAGE_URL ""
| #define PACKAGE "ode"
| #define VERSION "0.16.5"
| #define STDC_HEADERS 1
| #define HAVE_SYS_TYPES_H 1
| #define HAVE_SYS_STAT_H 1
| #define HAVE_STDLIB_H 1
| #define HAVE_STRING_H 1
| #define HAVE_MEMORY_H 1
| #define HAVE_STRINGS_H 1
| #define HAVE_INTTYPES_H 1
| #define HAVE_STDINT_H 1
| #define HAVE_UNISTD_H 1
| #define HAVE_DLFCN_H 1
| #define LT_OBJDIR ".libs/"
| #define HAVE_ALLOCA_H 1
| #define HAVE_STDIO_H 1
| #define HAVE_INTTYPES_H 1
| #define HAVE_STDINT_H 1
| #define HAVE_STDLIB_H 1
| #define HAVE_MATH_H 1
| #define HAVE_STRING_H 1
| #define HAVE_STDARG_H 1
| #define HAVE_FLOAT_H 1
| #define HAVE_TIME_H 1
| #define HAVE_SYS_TIME_H 1
| #define HAVE_LIMITS_H 1
| #define HAVE_STDDEF_H 1
| #define HAVE_APPLE_OPENGL_FRAMEWORK 1
| #define HAVE_LIBM 1
| /* end confdefs.h.  */
| 
| 
| int
| main ()
| {
| return main ();
|   ;
|   return 0;
| }
configure:18024: result: no
configure:18035: checking for main in -lrt
configure:18054: g++ -o conftest -g -O2   conftest.c -lrt  -lm  -lpthread >&5
clang: warning: treating 'c' input as 'c++' when in C++ mode, this behavior is deprecated [-Wdeprecated]
ld: library not found for -lrt
clang: error: linker command failed with exit code 1 (use -v to see invocation)
configure:18054: $? = 1
configure: failed program was:
| /* confdefs.h */
| #define PACKAGE_NAME "ODE"
| #define PACKAGE_TARNAME "ode"
| #define PACKAGE_VERSION "0.16.5"
| #define PACKAGE_STRING "ODE 0.16.5"
| #define PACKAGE_BUGREPORT "ode@ode.org"
| #define PACKAGE_URL ""
| #define PACKAGE "ode"
| #define VERSION "0.16.5"
| #define STDC_HEADERS 1
| #define HAVE_SYS_TYPES_H 1
| #define HAVE_SYS_STAT_H 1
| #define HAVE_STDLIB_H 1
| #define HAVE_STRING_H 1
| #define HAVE_MEMORY_H 1
| #define HAVE_STRINGS_H 1
| #define HAVE_INTTYPES_H 1
| #define HAVE_STDINT_H 1
| #define HAVE_UNISTD_H 1
| #define HAVE_DLFCN_H 1
| #define LT_OBJDIR ".libs/"
| #define HAVE_ALLOCA_H 1
| #define HAVE_STDIO_H 1
| #define HAVE_INTTYPES_H 1
| #define HAVE_STDINT_H 1
| #define HAVE_STDLIB_H 1
| #define HAVE_MATH_H 1
| #define HAVE_STRING_H 1
| #define HAVE_STDARG_H 1
| #define HAVE_FLOAT_H 1
| #define HAVE_TIME_H 1
| #define HAVE_SYS_TIME_H 1
| #define HAVE_LIMITS_H 1
| #define HAVE_STDDEF_H 1
| #define HAVE_APPLE_OPENGL_FRAMEWORK 1
| #define HAVE_LIBM 1
| /* end confdefs.h.  */
| 
| 
| int
| main ()
| {
| return main ();
|   ;
|   return 0;
| }
configure:18063: result: no
configure:18077: checking for atan2f
configure:18077: g++ -o conftest -g -O2   conftest.c -lm  -lpthread >&5
clang: warning: treating 'c' input as 'c++' when in C++ mode, this behavior is deprecated [-Wdeprecated]
configure:18077: $? = 0
configure:18077: result: yes
configure:18077: checking for clock_gettime
configure:18077: g++ -o conftest -g -O2   conftest.c -lm  -lpthread >&5
clang: warning: treating 'c' input as 'c++' when in C++ mode, this behavior is deprecated [-Wdeprecated]
configure:18077: $? = 0
configure:18077: result: yes
configure:18077: checking for copysign
configure:18077: g++ -o conftest -g -O2   conftest.c -lm  -lpthread >&5
clang: warning: treating 'c' input as 'c++' when in C++ mode, this behavior is deprecated [-Wdeprecated]
configure:18077: $? = 0
configure:18077: result: yes
configure:18077: checking for copysignf
configure:18077: g++ -o conftest -g -O2   conftest.c -lm  -lpthread >&5
clang: warning: treating 'c' input as 'c++' when in C++ mode, this behavior is deprecated [-Wdeprecated]
configure:18077: $? = 0
configure:18077: result: yes
configure:18077: checking for cosf
configure:18077: g++ -o conftest -g -O2   conftest.c -lm  -lpthread >&5
clang: warning: treating 'c' input as 'c++' when in C++ mode, this behavior is deprecated [-Wdeprecated]
configure:18077: $? = 0
configure:18077: result: yes
configure:18077: checking for fabsf
configure:18077: g++ -o conftest -g -O2   conftest.c -lm  -lpthread >&5
clang: warning: treating 'c' input as 'c++' when in C++ mode, this behavior is deprecated [-Wdeprecated]
configure:18077: $? = 0
configure:18077: result: yes
configure:18077: checking for floor
configure:18077: g++ -o conftest -g -O2   conftest.c -lm  -lpthread >&5
clang: warning: treating 'c' input as 'c++' when in C++ mode, this behavior is deprecated [-Wdeprecated]
configure:18077: $? = 0
configure:18077: result: yes
configure:18077: checking for fmodf
configure:18077: g++ -o conftest -g -O2   conftest.c -lm  -lpthread >&5
clang: warning: treating 'c' input as 'c++' when in C++ mode, this behavior is deprecated [-Wdeprecated]
configure:18077: $? = 0
configure:18077: result: yes
configure:18077: checking for gettimeofday
configure:18077: g++ -o conftest -g -O2   conftest.c -lm  -lpthread >&5
clang: warning: treating 'c' input as 'c++' when in C++ mode, this behavior is deprecated [-Wdeprecated]
configure:18077: $? = 0
configure:18077: result: yes
configure:18077: checking for isnan
configure:18077: g++ -o conftest -g -O2   conftest.c -lm  -lpthread >&5
clang: warning: treating 'c' input as 'c++' when in C++ mode, this behavior is deprecated [-Wdeprecated]
configure:18077: $? = 0
configure:18077: result: yes
configure:18077: checking for _isnan
configure:18077: g++ -o conftest -g -O2   conftest.c -lm  -lpthread >&5
clang: warning: treating 'c' input as 'c++' when in C++ mode, this behavior is deprecated [-Wdeprecated]
Undefined symbols for architecture arm64:
  "__isnan", referenced from:
      _main in conftest-2a6160.o
ld: symbol(s) not found for architecture arm64
clang: error: linker command failed with exit code 1 (use -v to see invocation)
configure:18077: $? = 1
configure: failed program was:
| /* confdefs.h */
| #define PACKAGE_NAME "ODE"
| #define PACKAGE_TARNAME "ode"
| #define PACKAGE_VERSION "0.16.5"
| #define PACKAGE_STRING "ODE 0.16.5"
| #define PACKAGE_BUGREPORT "ode@ode.org"
| #define PACKAGE_URL ""
| #define PACKAGE "ode"
| #define VERSION "0.16.5"
| #define STDC_HEADERS 1
| #define HAVE_SYS_TYPES_H 1
| #define HAVE_SYS_STAT_H 1
| #define HAVE_STDLIB_H 1
| #define HAVE_STRING_H 1
| #define HAVE_MEMORY_H 1
| #define HAVE_STRINGS_H 1
| #define HAVE_INTTYPES_H 1
| #define HAVE_STDINT_H 1
| #define HAVE_UNISTD_H 1
| #define HAVE_DLFCN_H 1
| #define LT_OBJDIR ".libs/"
| #define HAVE_ALLOCA_H 1
| #define HAVE_STDIO_H 1
| #define HAVE_INTTYPES_H 1
| #define HAVE_STDINT_H 1
| #define HAVE_STDLIB_H 1
| #define HAVE_MATH_H 1
| #define HAVE_STRING_H 1
| #define HAVE_STDARG_H 1
| #define HAVE_FLOAT_H 1
| #define HAVE_TIME_H 1
| #define HAVE_SYS_TIME_H 1
| #define HAVE_LIMITS_H 1
| #define HAVE_STDDEF_H 1
| #define HAVE_APPLE_OPENGL_FRAMEWORK 1
| #define HAVE_LIBM 1
| #define HAVE_ATAN2F 1
| #define HAVE_CLOCK_GETTIME 1
| #define HAVE_COPYSIGN 1
| #define HAVE_COPYSIGNF 1
| #define HAVE_COSF 1
| #define HAVE_FABSF 1
| #define HAVE_FLOOR 1
| #define HAVE_FMODF 1
| #define HAVE_GETTIMEOFDAY 1
| #define HAVE_ISNAN 1
| /* end confdefs.h.  */
| /* Define _isnan to an innocuous variant, in case <limits.h> declares _isnan.
|    For example, HP-UX 11i <limits.h> declares gettimeofday.  */
| #define _isnan innocuous__isnan
| 
| /* System header to define __stub macros and hopefully few prototypes,
|     which can conflict with char _isnan (); below.
|     Prefer <limits.h> to <assert.h> if __STDC__ is defined, since
|     <limits.h> exists even on freestanding compilers.  */
| 
| #ifdef __STDC__
| # include <limits.h>
| #else
| # include <assert.h>
| #endif
| 
| #undef _isnan
| 
| /* Override any GCC internal prototype to avoid an error.
|    Use char because int might match the return type of a GCC
|    builtin and then its argument prototype would still apply.  */
| #ifdef __cplusplus
| extern "C"
| #endif
| char _isnan ();
| /* The GNU C library defines this for functions which it implements
|     to always fail with ENOSYS.  Some functions are actually named
|     something starting with __ and the normal name is an alias.  */
| #if defined __stub__isnan || defined __stub____isnan
| choke me
| #endif
| 
| int
| main ()
| {
| return _isnan ();
|   ;
|   return 0;
| }
configure:18077: result: no
configure:18077: checking for __isnan
configure:18077: g++ -o conftest -g -O2   conftest.c -lm  -lpthread >&5
clang: warning: treating 'c' input as 'c++' when in C++ mode, this behavior is deprecated [-Wdeprecated]
Undefined symbols for architecture arm64:
  "___isnan", referenced from:
      _main in conftest-fe6404.o
ld: symbol(s) not found for architecture arm64
clang: error: linker command failed with exit code 1 (use -v to see invocation)
configure:18077: $? = 1
configure: failed program was:
| /* confdefs.h */
| #define PACKAGE_NAME "ODE"
| #define PACKAGE_TARNAME "ode"
| #define PACKAGE_VERSION "0.16.5"
| #define PACKAGE_STRING "ODE 0.16.5"
| #define PACKAGE_BUGREPORT "ode@ode.org"
| #define PACKAGE_URL ""
| #define PACKAGE "ode"
| #define VERSION "0.16.5"
| #define STDC_HEADERS 1
| #define HAVE_SYS_TYPES_H 1
| #define HAVE_SYS_STAT_H 1
| #define HAVE_STDLIB_H 1
| #define HAVE_STRING_H 1
| #define HAVE_MEMORY_H 1
| #define HAVE_STRINGS_H 1
| #define HAVE_INTTYPES_H 1
| #define HAVE_STDINT_H 1
| #define HAVE_UNISTD_H 1
| #define HAVE_DLFCN_H 1
| #define LT_OBJDIR ".libs/"
| #define HAVE_ALLOCA_H 1
| #define HAVE_STDIO_H 1
| #define HAVE_INTTYPES_H 1
| #define HAVE_STDINT_H 1
| #define HAVE_STDLIB_H 1
| #define HAVE_MATH_H 1
| #define HAVE_STRING_H 1
| #define HAVE_STDARG_H 1
| #define HAVE_FLOAT_H 1
| #define HAVE_TIME_H 1
| #define HAVE_SYS_TIME_H 1
| #define HAVE_LIMITS_H 1
| #define HAVE_STDDEF_H 1
| #define HAVE_APPLE_OPENGL_FRAMEWORK 1
| #define HAVE_LIBM 1
| #define HAVE_ATAN2F 1
| #define HAVE_CLOCK_GETTIME 1
| #define HAVE_COPYSIGN 1
| #define HAVE_COPYSIGNF 1
| #define HAVE_COSF 1
| #define HAVE_FABSF 1
| #define HAVE_FLOOR 1
| #define HAVE_FMODF 1
| #define HAVE_GETTIMEOFDAY 1
| #define HAVE_ISNAN 1
| /* end confdefs.h.  */
| /* Define __isnan to an innocuous variant, in case <limits.h> declares __isnan.
|    For example, HP-UX 11i <limits.h> declares gettimeofday.  */
| #define __isnan innocuous___isnan
| 
| /* System header to define __stub macros and hopefully few prototypes,
|     which can conflict with char __isnan (); below.
|     Prefer <limits.h> to <assert.h> if __STDC__ is defined, since
|     <limits.h> exists even on freestanding compilers.  */
| 
| #ifdef __STDC__
| # include <limits.h>
| #else
| # include <assert.h>
| #endif
| 
| #undef __isnan
| 
| /* Override any GCC internal prototype to avoid an error.
|    Use char because int might match the return type of a GCC
|    builtin and then its argument prototype would still apply.  */
| #ifdef __cplusplus
| extern "C"
| #endif
| char __isnan ();
| /* The GNU C library defines this for functions which it implements
|     to always fail with ENOSYS.  Some functions are actually named
|     something starting with __ and the normal name is an alias.  */
| #if defined __stub___isnan || defined __stub_____isnan
| choke me
| #endif
| 
| int
| main ()
| {
| return __isnan ();
|   ;
|   return 0;
| }
configure:18077: result: no
configure:18077: checking for isnanf
configure:18077: g++ -o conftest -g -O2   conftest.c -lm  -lpthread >&5
clang: warning: treating 'c' input as 'c++' when in C++ mode, this behavior is deprecated [-Wdeprecated]
Undefined symbols for architecture arm64:
  "_isnanf", referenced from:
      _main in conftest-1410ba.o
ld: symbol(s) not found for architecture arm64
clang: error: linker command failed with exit code 1 (use -v to see invocation)
configure:18077: $? = 1
configure: failed program was:
| /* confdefs.h */
| #define PACKAGE_NAME "ODE"
| #define PACKAGE_TARNAME "ode"
| #define PACKAGE_VERSION "0.16.5"
| #define PACKAGE_STRING "ODE 0.16.5"
| #define PACKAGE_BUGREPORT "ode@ode.org"
| #define PACKAGE_URL ""
| #define PACKAGE "ode"
| #define VERSION "0.16.5"
| #define STDC_HEADERS 1
| #define HAVE_SYS_TYPES_H 1
| #define HAVE_SYS_STAT_H 1
| #define HAVE_STDLIB_H 1
| #define HAVE_STRING_H 1
| #define HAVE_MEMORY_H 1
| #define HAVE_STRINGS_H 1
| #define HAVE_INTTYPES_H 1
| #define HAVE_STDINT_H 1
| #define HAVE_UNISTD_H 1
| #define HAVE_DLFCN_H 1
| #define LT_OBJDIR ".libs/"
| #define HAVE_ALLOCA_H 1
| #define HAVE_STDIO_H 1
| #define HAVE_INTTYPES_H 1
| #define HAVE_STDINT_H 1
| #define HAVE_STDLIB_H 1
| #define HAVE_MATH_H 1
| #define HAVE_STRING_H 1
| #define HAVE_STDARG_H 1
| #define HAVE_FLOAT_H 1
| #define HAVE_TIME_H 1
| #define HAVE_SYS_TIME_H 1
| #define HAVE_LIMITS_H 1
| #define HAVE_STDDEF_H 1
| #define HAVE_APPLE_OPENGL_FRAMEWORK 1
| #define HAVE_LIBM 1
| #define HAVE_ATAN2F 1
| #define HAVE_CLOCK_GETTIME 1
| #define HAVE_COPYSIGN 1
| #define HAVE_COPYSIGNF 1
| #define HAVE_COSF 1
| #define HAVE_FABSF 1
| #define HAVE_FLOOR 1
| #define HAVE_FMODF 1
| #define HAVE_GETTIMEOFDAY 1
| #define HAVE_ISNAN 1
| /* end confdefs.h.  */
| /* Define isnanf to an innocuous variant, in case <limits.h> declares isnanf.
|    For example, HP-UX 11i <limits.h> declares gettimeofday.  */
| #define isnanf innocuous_isnanf
| 
| /* System header to define __stub macros and hopefully few prototypes,
|     which can conflict with char isnanf (); below.
|     Prefer <limits.h> to <assert.h> if __STDC__ is defined, since
|     <limits.h> exists even on freestanding compilers.  */
| 
| #ifdef __STDC__
| # include <limits.h>
| #else
| # include <assert.h>
| #endif
| 
| #undef isnanf
| 
| /* Override any GCC internal prototype to avoid an error.
|    Use char because int might match the return type of a GCC
|    builtin and then its argument prototype would still apply.  */
| #ifdef __cplusplus
| extern "C"
| #endif
| char isnanf ();
| /* The GNU C library defines this for functions which it implements
|     to always fail with ENOSYS.  Some functions are actually named
|     something starting with __ and the normal name is an alias.  */
| #if defined __stub_isnanf || defined __stub___isnanf
| choke me
| #endif
| 
| int
| main ()
| {
| return isnanf ();
|   ;
|   return 0;
| }
configure:18077: result: no
configure:18077: checking for _isnanf
configure:18077: g++ -o conftest -g -O2   conftest.c -lm  -lpthread >&5
clang: warning: treating 'c' input as 'c++' when in C++ mode, this behavior is deprecated [-Wdeprecated]
Undefined symbols for architecture arm64:
  "__isnanf", referenced from:
      _main in conftest-fe113c.o
ld: symbol(s) not found for architecture arm64
clang: error: linker command failed with exit code 1 (use -v to see invocation)
configure:18077: $? = 1
configure: failed program was:
| /* confdefs.h */
| #define PACKAGE_NAME "ODE"
| #define PACKAGE_TARNAME "ode"
| #define PACKAGE_VERSION "0.16.5"
| #define PACKAGE_STRING "ODE 0.16.5"
| #define PACKAGE_BUGREPORT "ode@ode.org"
| #define PACKAGE_URL ""
| #define PACKAGE "ode"
| #define VERSION "0.16.5"
| #define STDC_HEADERS 1
| #define HAVE_SYS_TYPES_H 1
| #define HAVE_SYS_STAT_H 1
| #define HAVE_STDLIB_H 1
| #define HAVE_STRING_H 1
| #define HAVE_MEMORY_H 1
| #define HAVE_STRINGS_H 1
| #define HAVE_INTTYPES_H 1
| #define HAVE_STDINT_H 1
| #define HAVE_UNISTD_H 1
| #define HAVE_DLFCN_H 1
| #define LT_OBJDIR ".libs/"
| #define HAVE_ALLOCA_H 1
| #define HAVE_STDIO_H 1
| #define HAVE_INTTYPES_H 1
| #define HAVE_STDINT_H 1
| #define HAVE_STDLIB_H 1
| #define HAVE_MATH_H 1
| #define HAVE_STRING_H 1
| #define HAVE_STDARG_H 1
| #define HAVE_FLOAT_H 1
| #define HAVE_TIME_H 1
| #define HAVE_SYS_TIME_H 1
| #define HAVE_LIMITS_H 1
| #define HAVE_STDDEF_H 1
| #define HAVE_APPLE_OPENGL_FRAMEWORK 1
| #define HAVE_LIBM 1
| #define HAVE_ATAN2F 1
| #define HAVE_CLOCK_GETTIME 1
| #define HAVE_COPYSIGN 1
| #define HAVE_COPYSIGNF 1
| #define HAVE_COSF 1
| #define HAVE_FABSF 1
| #define HAVE_FLOOR 1
| #define HAVE_FMODF 1
| #define HAVE_GETTIMEOFDAY 1
| #define HAVE_ISNAN 1
| /* end confdefs.h.  */
| /* Define _isnanf to an innocuous variant, in case <limits.h> declares _isnanf.
|    For example, HP-UX 11i <limits.h> declares gettimeofday.  */
| #define _isnanf innocuous__isnanf
| 
| /* System header to define __stub macros and hopefully few prototypes,
|     which can conflict with char _isnanf (); below.
|     Prefer <limits.h> to <assert.h> if __STDC__ is defined, since
|     <limits.h> exists even on freestanding compilers.  */
| 
| #ifdef __STDC__
| # include <limits.h>
| #else
| # include <assert.h>
| #endif
| 
| #undef _isnanf
| 
| /* Override any GCC internal prototype to avoid an error.
|    Use char because int might match the return type of a GCC
|    builtin and then its argument prototype would still apply.  */
| #ifdef __cplusplus
| extern "C"
| #endif
| char _isnanf ();
| /* The GNU C library defines this for functions which it implements
|     to always fail with ENOSYS.  Some functions are actually named
|     something starting with __ and the normal name is an alias.  */
| #if defined __stub__isnanf || defined __stub____isnanf
| choke me
| #endif
| 
| int
| main ()
| {
| return _isnanf ();
|   ;
|   return 0;
| }
configure:18077: result: no
configure:18077: checking for __isnanf
configure:18077: g++ -o conftest -g -O2   conftest.c -lm  -lpthread >&5
clang: warning: treating 'c' input as 'c++' when in C++ mode, this behavior is deprecated [-Wdeprecated]
configure:18077: $? = 0
configure:18077: result: yes
configure:18077: checking for memmove
configure:18077: g++ -o conftest -g -O2   conftest.c -lm  -lpthread >&5
clang: warning: treating 'c' input as 'c++' when in C++ mode, this behavior is deprecated [-Wdeprecated]
configure:18077: $? = 0
configure:18077: result: yes
configure:18077: checking for memset
configure:18077: g++ -o conftest -g -O2   conftest.c -lm  -lpthread >&5
clang: warning: treating 'c' input as 'c++' when in C++ mode, this behavior is deprecated [-Wdeprecated]
configure:18077: $? = 0
configure:18077: result: yes
configure:18077: checking for pthread_attr_setstacklazy
configure:18077: g++ -o conftest -g -O2   conftest.c -lm  -lpthread >&5
clang: warning: treating 'c' input as 'c++' when in C++ mode, this behavior is deprecated [-Wdeprecated]
Undefined symbols for architecture arm64:
  "_pthread_attr_setstacklazy", referenced from:
      _main in conftest-1b9cc3.o
ld: symbol(s) not found for architecture arm64
clang: error: linker command failed with exit code 1 (use -v to see invocation)
configure:18077: $? = 1
configure: failed program was:
| /* confdefs.h */
| #define PACKAGE_NAME "ODE"
| #define PACKAGE_TARNAME "ode"
| #define PACKAGE_VERSION "0.16.5"
| #define PACKAGE_STRING "ODE 0.16.5"
| #define PACKAGE_BUGREPORT "ode@ode.org"
| #define PACKAGE_URL ""
| #define PACKAGE "ode"
| #define VERSION "0.16.5"
| #define STDC_HEADERS 1
| #define HAVE_SYS_TYPES_H 1
| #define HAVE_SYS_STAT_H 1
| #define HAVE_STDLIB_H 1
| #define HAVE_STRING_H 1
| #define HAVE_MEMORY_H 1
| #define HAVE_STRINGS_H 1
| #define HAVE_INTTYPES_H 1
| #define HAVE_STDINT_H 1
| #define HAVE_UNISTD_H 1
| #define HAVE_DLFCN_H 1
| #define LT_OBJDIR ".libs/"
| #define HAVE_ALLOCA_H 1
| #define HAVE_STDIO_H 1
| #define HAVE_INTTYPES_H 1
| #define HAVE_STDINT_H 1
| #define HAVE_STDLIB_H 1
| #define HAVE_MATH_H 1
| #define HAVE_STRING_H 1
| #define HAVE_STDARG_H 1
| #define HAVE_FLOAT_H 1
| #define HAVE_TIME_H 1
| #define HAVE_SYS_TIME_H 1
| #define HAVE_LIMITS_H 1
| #define HAVE_STDDEF_H 1
| #define HAVE_APPLE_OPENGL_FRAMEWORK 1
| #define HAVE_LIBM 1
| #define HAVE_ATAN2F 1
| #define HAVE_CLOCK_GETTIME 1
| #define HAVE_COPYSIGN 1
| #define HAVE_COPYSIGNF 1
| #define HAVE_COSF 1
| #define HAVE_FABSF 1
| #define HAVE_FLOOR 1
| #define HAVE_FMODF 1
| #define HAVE_GETTIMEOFDAY 1
| #define HAVE_ISNAN 1
| #define HAVE___ISNANF 1
| #define HAVE_MEMMOVE 1
| #define HAVE_MEMSET 1
| /* end confdefs.h.  */
| /* Define pthread_attr_setstacklazy to an innocuous variant, in case <limits.h> declares pthread_attr_setstacklazy.
|    For example, HP-UX 11i <limits.h> declares gettimeofday.  */
| #define pthread_attr_setstacklazy innocuous_pthread_attr_setstacklazy
| 
| /* System header to define __stub macros and hopefully few prototypes,
|     which can conflict with char pthread_attr_setstacklazy (); below.
|     Prefer <limits.h> to <assert.h> if __STDC__ is defined, since
|     <limits.h> exists even on freestanding compilers.  */
| 
| #ifdef __STDC__
| # include <limits.h>
| #else
| # include <assert.h>
| #endif
| 
| #undef pthread_attr_setstacklazy
| 
| /* Override any GCC internal prototype to avoid an error.
|    Use char because int might match the return type of a GCC
|    builtin and then its argument prototype would still apply.  */
| #ifdef __cplusplus
| extern "C"
| #endif
| char pthread_attr_setstacklazy ();
| /* The GNU C library defines this for functions which it implements
|     to always fail with ENOSYS.  Some functions are actually named
|     something starting with __ and the normal name is an alias.  */
| #if defined __stub_pthread_attr_setstacklazy || defined __stub___pthread_attr_setstacklazy
| choke me
| #endif
| 
| int
| main ()
| {
| return pthread_attr_setstacklazy ();
|   ;
|   return 0;
| }
configure:18077: result: no
configure:18077: checking for pthread_attr_setinheritsched
configure:18077: g++ -o conftest -g -O2   conftest.c -lm  -lpthread >&5
clang: warning: treating 'c' input as 'c++' when in C++ mode, this behavior is deprecated [-Wdeprecated]
configure:18077: $? = 0
configure:18077: result: yes
configure:18077: checking for pthread_condattr_setclock
configure:18077: g++ -o conftest -g -O2   conftest.c -lm  -lpthread >&5
clang: warning: treating 'c' input as 'c++' when in C++ mode, this behavior is deprecated [-Wdeprecated]
Undefined symbols for architecture arm64:
  "_pthread_condattr_setclock", referenced from:
      _main in conftest-602b5a.o
ld: symbol(s) not found for architecture arm64
clang: error: linker command failed with exit code 1 (use -v to see invocation)
configure:18077: $? = 1
configure: failed program was:
| /* confdefs.h */
| #define PACKAGE_NAME "ODE"
| #define PACKAGE_TARNAME "ode"
| #define PACKAGE_VERSION "0.16.5"
| #define PACKAGE_STRING "ODE 0.16.5"
| #define PACKAGE_BUGREPORT "ode@ode.org"
| #define PACKAGE_URL ""
| #define PACKAGE "ode"
| #define VERSION "0.16.5"
| #define STDC_HEADERS 1
| #define HAVE_SYS_TYPES_H 1
| #define HAVE_SYS_STAT_H 1
| #define HAVE_STDLIB_H 1
| #define HAVE_STRING_H 1
| #define HAVE_MEMORY_H 1
| #define HAVE_STRINGS_H 1
| #define HAVE_INTTYPES_H 1
| #define HAVE_STDINT_H 1
| #define HAVE_UNISTD_H 1
| #define HAVE_DLFCN_H 1
| #define LT_OBJDIR ".libs/"
| #define HAVE_ALLOCA_H 1
| #define HAVE_STDIO_H 1
| #define HAVE_INTTYPES_H 1
| #define HAVE_STDINT_H 1
| #define HAVE_STDLIB_H 1
| #define HAVE_MATH_H 1
| #define HAVE_STRING_H 1
| #define HAVE_STDARG_H 1
| #define HAVE_FLOAT_H 1
| #define HAVE_TIME_H 1
| #define HAVE_SYS_TIME_H 1
| #define HAVE_LIMITS_H 1
| #define HAVE_STDDEF_H 1
| #define HAVE_APPLE_OPENGL_FRAMEWORK 1
| #define HAVE_LIBM 1
| #define HAVE_ATAN2F 1
| #define HAVE_CLOCK_GETTIME 1
| #define HAVE_COPYSIGN 1
| #define HAVE_COPYSIGNF 1
| #define HAVE_COSF 1
| #define HAVE_FABSF 1
| #define HAVE_FLOOR 1
| #define HAVE_FMODF 1
| #define HAVE_GETTIMEOFDAY 1
| #define HAVE_ISNAN 1
| #define HAVE___ISNANF 1
| #define HAVE_MEMMOVE 1
| #define HAVE_MEMSET 1
| #define HAVE_PTHREAD_ATTR_SETINHERITSCHED 1
| /* end confdefs.h.  */
| /* Define pthread_condattr_setclock to an innocuous variant, in case <limits.h> declares pthread_condattr_setclock.
|    For example, HP-UX 11i <limits.h> declares gettimeofday.  */
| #define pthread_condattr_setclock innocuous_pthread_condattr_setclock
| 
| /* System header to define __stub macros and hopefully few prototypes,
|     which can conflict with char pthread_condattr_setclock (); below.
|     Prefer <limits.h> to <assert.h> if __STDC__ is defined, since
|     <limits.h> exists even on freestanding compilers.  */
| 
| #ifdef __STDC__
| # include <limits.h>
| #else
| # include <assert.h>
| #endif
| 
| #undef pthread_condattr_setclock
| 
| /* Override any GCC internal prototype to avoid an error.
|    Use char because int might match the return type of a GCC
|    builtin and then its argument prototype would still apply.  */
| #ifdef __cplusplus
| extern "C"
| #endif
| char pthread_condattr_setclock ();
| /* The GNU C library defines this for functions which it implements
|     to always fail with ENOSYS.  Some functions are actually named
|     something starting with __ and the normal name is an alias.  */
| #if defined __stub_pthread_condattr_setclock || defined __stub___pthread_condattr_setclock
| choke me
| #endif
| 
| int
| main ()
| {
| return pthread_condattr_setclock ();
|   ;
|   return 0;
| }
configure:18077: result: no
configure:18077: checking for sinf
configure:18077: g++ -o conftest -g -O2   conftest.c -lm  -lpthread >&5
clang: warning: treating 'c' input as 'c++' when in C++ mode, this behavior is deprecated [-Wdeprecated]
configure:18077: $? = 0
configure:18077: result: yes
configure:18077: checking for snprintf
configure:18077: g++ -o conftest -g -O2   conftest.c -lm  -lpthread >&5
clang: warning: treating 'c' input as 'c++' when in C++ mode, this behavior is deprecated [-Wdeprecated]
configure:18077: $? = 0
configure:18077: result: yes
configure:18077: checking for sqrt
configure:18077: g++ -o conftest -g -O2   conftest.c -lm  -lpthread >&5
clang: warning: treating 'c' input as 'c++' when in C++ mode, this behavior is deprecated [-Wdeprecated]
configure:18077: $? = 0
configure:18077: result: yes
configure:18077: checking for sqrtf
configure:18077: g++ -o conftest -g -O2   conftest.c -lm  -lpthread >&5
clang: warning: treating 'c' input as 'c++' when in C++ mode, this behavior is deprecated [-Wdeprecated]
configure:18077: $? = 0
configure:18077: result: yes
configure:18077: checking for strchr
configure:18077: g++ -o conftest -g -O2   conftest.c -lm  -lpthread >&5
clang: warning: treating 'c' input as 'c++' when in C++ mode, this behavior is deprecated [-Wdeprecated]
configure:18077: $? = 0
configure:18077: result: yes
configure:18077: checking for strstr
configure:18077: g++ -o conftest -g -O2   conftest.c -lm  -lpthread >&5
clang: warning: treating 'c' input as 'c++' when in C++ mode, this behavior is deprecated [-Wdeprecated]
configure:18077: $? = 0
configure:18077: result: yes
configure:18077: checking for vsnprintf
configure:18077: g++ -o conftest -g -O2   conftest.c -lm  -lpthread >&5
clang: warning: treating 'c' input as 'c++' when in C++ mode, this behavior is deprecated [-Wdeprecated]
configure:18077: $? = 0
configure:18077: result: yes
configure:18088: checking for working alloca.h
configure:18105: g++ -o conftest -g -O2   conftest.c -lm  -lpthread >&5
clang: warning: treating 'c' input as 'c++' when in C++ mode, this behavior is deprecated [-Wdeprecated]
configure:18105: $? = 0
configure:18113: result: yes
configure:18121: checking for alloca
configure:18158: g++ -o conftest -g -O2   conftest.c -lm  -lpthread >&5
clang: warning: treating 'c' input as 'c++' when in C++ mode, this behavior is deprecated [-Wdeprecated]
configure:18158: $? = 0
configure:18166: result: yes
configure:18273: checking for pthread_condattr_setclock
configure:18273: result: no
configure:18282: checking for no_pthread_condattr_setclock
configure:18282: result: yes
configure:18379: checking for OSAtomicAdd32Barrier
configure:18379: g++ -o conftest -g -O2   conftest.c -lm  -lpthread >&5
clang: warning: treating 'c' input as 'c++' when in C++ mode, this behavior is deprecated [-Wdeprecated]
configure:18379: $? = 0
configure:18379: result: yes
configure:18384: checking for OSAtomicAnd32OrigBarrier
configure:18384: g++ -o conftest -g -O2   conftest.c -lm  -lpthread >&5
clang: warning: treating 'c' input as 'c++' when in C++ mode, this behavior is deprecated [-Wdeprecated]
configure:18384: $? = 0
configure:18384: result: yes
configure:18849: checking that generated files are newer than configure
configure:18855: result: done
configure:18967: creating ./config.status

## ---------------------- ##
## Running config.status. ##
## ---------------------- ##

This file was extended by ODE config.status 0.16.5, which was
generated by GNU Autoconf 2.69.  Invocation command line was

  CONFIG_FILES    = 
  CONFIG_HEADERS  = 
  CONFIG_LINKS    = 
  CONFIG_COMMANDS = 
  $ ./config.status 

on Humzas-MBP.attlocal.net

config.status:1280: creating Makefile
config.status:1280: creating drawstuff/Makefile
config.status:1280: creating drawstuff/src/Makefile
config.status:1280: creating drawstuff/dstest/Makefile
config.status:1280: creating include/Makefile
config.status:1280: creating include/drawstuff/Makefile
config.status:1280: creating include/ode/Makefile
config.status:1280: creating include/ode/version.h
config.status:1280: creating include/ode/precision.h
config.status:1280: creating ode/Makefile
config.status:1280: creating ode/doc/Doxyfile
config.status:1280: creating ode/doc/Makefile
config.status:1280: creating ode/src/Makefile
config.status:1280: creating ode/src/joints/Makefile
config.status:1280: creating ode/demo/Makefile
config.status:1280: creating OPCODE/Makefile
config.status:1280: creating OPCODE/Ice/Makefile
config.status:1280: creating GIMPACT/Makefile
config.status:1280: creating GIMPACT/include/Makefile
config.status:1280: creating GIMPACT/include/GIMPACT/Makefile
config.status:1280: creating GIMPACT/src/Makefile
config.status:1280: creating tests/Makefile
config.status:1280: creating tests/joints/Makefile
config.status:1280: creating tests/UnitTest++/Makefile
config.status:1280: creating tests/UnitTest++/src/Makefile
config.status:1280: creating tests/UnitTest++/src/Posix/Makefile
config.status:1280: creating tests/UnitTest++/src/Win32/Makefile
config.status:1280: creating ode-config
config.status:1280: creating ode.pc
config.status:1280: creating ode/src/config.h
config.status:1509: executing depfiles commands
config.status:1509: executing libtool commands
configure:21476: === configuring in ou (/Users/humzaqureshi/GitHub/Super-Powered-Robot-Football/ode/ou)
configure:21539: running /bin/sh ./configure --disable-option-checking '--prefix=/usr/local'  --cache-file=/dev/null --srcdir=.
configure:21476: === configuring in libccd (/Users/humzaqureshi/GitHub/Super-Powered-Robot-Football/ode/libccd)
configure:21539: running /bin/sh ./configure --disable-option-checking '--prefix=/usr/local'  --cache-file=/dev/null --srcdir=.

## ---------------- ##
## Cache variables. ##
## ---------------- ##

ac_cv_build=arm-apple-darwin21.3.0
ac_cv_c_bigendian=no
ac_cv_c_compiler_gnu=yes
ac_cv_c_inline=inline
ac_cv_c_int32_t=yes
ac_cv_c_uint32_t=yes
ac_cv_c_volatile=yes
ac_cv_cxx_compiler_gnu=yes
ac_cv_env_CCC_set=
ac_cv_env_CCC_value=
ac_cv_env_CCD_CFLAGS_set=
ac_cv_env_CCD_CFLAGS_value=
ac_cv_env_CCD_LIBS_set=
ac_cv_env_CCD_LIBS_value=
ac_cv_env_CC_set=
ac_cv_env_CC_value=
ac_cv_env_CFLAGS_set=
ac_cv_env_CFLAGS_value=
ac_cv_env_CPPFLAGS_set=
ac_cv_env_CPPFLAGS_value=
ac_cv_env_CPP_set=
ac_cv_env_CPP_value=
ac_cv_env_CXXCPP_set=
ac_cv_env_CXXCPP_value=
ac_cv_env_CXXFLAGS_set=
ac_cv_env_CXXFLAGS_value=
ac_cv_env_CXX_set=
ac_cv_env_CXX_value=
ac_cv_env_DOXYGEN_set=
ac_cv_env_DOXYGEN_value=
ac_cv_env_LDFLAGS_set=
ac_cv_env_LDFLAGS_value=
ac_cv_env_LIBS_set=
ac_cv_env_LIBS_value=
ac_cv_env_LT_SYS_LIBRARY_PATH_set=
ac_cv_env_LT_SYS_LIBRARY_PATH_value=
ac_cv_env_PKG_CONFIG_LIBDIR_set=
ac_cv_env_PKG_CONFIG_LIBDIR_value=
ac_cv_env_PKG_CONFIG_PATH_set=
ac_cv_env_PKG_CONFIG_PATH_value=
ac_cv_env_PKG_CONFIG_set=
ac_cv_env_PKG_CONFIG_value=
ac_cv_env_X11_CFLAGS_set=
ac_cv_env_X11_CFLAGS_value=
ac_cv_env_X11_LIBS_set=
ac_cv_env_X11_LIBS_value=
ac_cv_env_build_alias_set=
ac_cv_env_build_alias_value=
ac_cv_env_host_alias_set=
ac_cv_env_host_alias_value=
ac_cv_env_target_alias_set=
ac_cv_env_target_alias_value=
ac_cv_func_OSAtomicAdd32Barrier=yes
ac_cv_func_OSAtomicAnd32OrigBarrier=yes
ac_cv_func___isnan=no
ac_cv_func___isnanf=yes
ac_cv_func__isnan=no
ac_cv_func__isnanf=no
ac_cv_func_alloca_works=yes
ac_cv_func_atan2f=yes
ac_cv_func_clock_gettime=yes
ac_cv_func_copysign=yes
ac_cv_func_copysignf=yes
ac_cv_func_cosf=yes
ac_cv_func_fabsf=yes
ac_cv_func_floor=yes
ac_cv_func_fmodf=yes
ac_cv_func_gettimeofday=yes
ac_cv_func_isnan=yes
ac_cv_func_isnanf=no
ac_cv_func_memmove=yes
ac_cv_func_memset=yes
ac_cv_func_no_pthread_condattr_setclock=yes
ac_cv_func_obstack=no
ac_cv_func_pthread_attr_setinheritsched=yes
ac_cv_func_pthread_attr_setstacklazy=no
ac_cv_func_pthread_condattr_setclock=no
ac_cv_func_sinf=yes
ac_cv_func_snprintf=yes
ac_cv_func_sqrt=yes
ac_cv_func_sqrtf=yes
ac_cv_func_strchr=yes
ac_cv_func_strstr=yes
ac_cv_func_vsnprintf=yes
ac_cv_header_alloca_h=yes
ac_cv_header_dlfcn_h=yes
ac_cv_header_float_h=yes
ac_cv_header_inttypes_h=yes
ac_cv_header_limits_h=yes
ac_cv_header_malloc_h=no
ac_cv_header_math_h=yes
ac_cv_header_memory_h=yes
ac_cv_header_stdarg_h=yes
ac_cv_header_stdbool_h=no
ac_cv_header_stdc=yes
ac_cv_header_stddef_h=yes
ac_cv_header_stdint_h=yes
ac_cv_header_stdio_h=yes
ac_cv_header_stdlib_h=yes
ac_cv_header_string_h=yes
ac_cv_header_strings_h=yes
ac_cv_header_sys_stat_h=yes
ac_cv_header_sys_time_h=yes
ac_cv_header_sys_types_h=yes
ac_cv_header_time_h=yes
ac_cv_header_unistd_h=yes
ac_cv_host=arm-apple-darwin21.3.0
ac_cv_lib_m_main=yes
ac_cv_lib_pthread_main=yes
ac_cv_lib_rt_main=no
ac_cv_lib_stdcpp_main=yes
ac_cv_lib_sunmath_main=no
ac_cv_objext=o
ac_cv_path_EGREP='/usr/bin/grep -E'
ac_cv_path_FGREP='/usr/bin/grep -F'
ac_cv_path_GREP=/usr/bin/grep
ac_cv_path_SED=/usr/bin/sed
ac_cv_path_ac_pt_PKG_CONFIG=/opt/homebrew/bin/pkg-config
ac_cv_path_install='/opt/homebrew/opt/coreutils/libexec/gnubin/install -c'
ac_cv_path_lt_DD=/opt/homebrew/opt/coreutils/libexec/gnubin/dd
ac_cv_path_mkdir=/opt/homebrew/opt/coreutils/libexec/gnubin/mkdir
ac_cv_prog_AWK=awk
ac_cv_prog_CPP='gcc -E'
ac_cv_prog_CXXCPP='g++ -E'
ac_cv_prog_DOXYGEN=doxygen
ac_cv_prog_ac_ct_AR=ar
ac_cv_prog_ac_ct_CC=gcc
ac_cv_prog_ac_ct_CXX=g++
ac_cv_prog_ac_ct_DSYMUTIL=dsymutil
ac_cv_prog_ac_ct_LIPO=lipo
ac_cv_prog_ac_ct_NMEDIT=nmedit
ac_cv_prog_ac_ct_OBJDUMP=objdump
ac_cv_prog_ac_ct_OTOOL=otool
ac_cv_prog_ac_ct_RANLIB=ranlib
ac_cv_prog_ac_ct_STRIP=strip
ac_cv_prog_cc_c89=
ac_cv_prog_cc_g=yes
ac_cv_prog_cxx_g=yes
ac_cv_prog_make_make_set=yes
ac_cv_type__Bool=no
ac_cv_type_size_t=yes
ac_cv_working_alloca_h=yes
am_cv_CC_dependencies_compiler_type=gcc3
am_cv_CXX_dependencies_compiler_type=gcc3
am_cv_make_support_nested_variables=yes
am_cv_prog_cc_c_o=yes
lt_cv_apple_cc_single_mod=yes
lt_cv_ar_at_file=no
lt_cv_deplibs_check_method=pass_all
lt_cv_file_magic_cmd='$MAGIC_CMD'
lt_cv_file_magic_test_file=
lt_cv_ld_exported_symbols_list=yes
lt_cv_ld_force_load=yes
lt_cv_ld_reload_flag=-r
lt_cv_nm_interface='BSD nm'
lt_cv_objdir=.libs
lt_cv_path_LD=/Applications/Xcode.app/Contents/Developer/Toolchains/XcodeDefault.xctoolchain/usr/bin/ld
lt_cv_path_LDCXX=/Applications/Xcode.app/Contents/Developer/Toolchains/XcodeDefault.xctoolchain/usr/bin/ld
lt_cv_path_NM='/usr/bin/nm -B'
lt_cv_path_mainfest_tool=no
lt_cv_prog_compiler_c_o=yes
lt_cv_prog_compiler_c_o_CXX=yes
lt_cv_prog_compiler_pic='-fno-common -DPIC'
lt_cv_prog_compiler_pic_CXX='-fno-common -DPIC'
lt_cv_prog_compiler_pic_works=yes
lt_cv_prog_compiler_pic_works_CXX=yes
lt_cv_prog_compiler_rtti_exceptions=yes
lt_cv_prog_compiler_static_works=no
lt_cv_prog_compiler_static_works_CXX=no
lt_cv_prog_gnu_ld=no
lt_cv_prog_gnu_ldcxx=no
lt_cv_sharedlib_from_linklib_cmd='printf %s\n'
lt_cv_sys_global_symbol_pipe='sed -n -e '\''s/^.*[	 ]\([ABCDGIRSTW][ABCDGIRSTW]*\)[	 ][	 ]*_\([_A-Za-z][_A-Za-z0-9]*\)$/\1 _\2 \2/p'\'' | sed '\''/ __gnu_lto/d'\'''
lt_cv_sys_global_symbol_to_c_name_address='sed -n -e '\''s/^: \(.*\) .*$/  {"\1", (void *) 0},/p'\'' -e '\''s/^[ABCDGIRSTW][ABCDGIRSTW]* .* \(.*\)$/  {"\1", (void *) \&\1},/p'\'''
lt_cv_sys_global_symbol_to_c_name_address_lib_prefix='sed -n -e '\''s/^: \(.*\) .*$/  {"\1", (void *) 0},/p'\'' -e '\''s/^[ABCDGIRSTW][ABCDGIRSTW]* .* \(lib.*\)$/  {"\1", (void *) \&\1},/p'\'' -e '\''s/^[ABCDGIRSTW][ABCDGIRSTW]* .* \(.*\)$/  {"lib\1", (void *) \&\1},/p'\'''
lt_cv_sys_global_symbol_to_cdecl='sed -n -e '\''s/^T .* \(.*\)$/extern int \1();/p'\'' -e '\''s/^[ABCDGIRSTW][ABCDGIRSTW]* .* \(.*\)$/extern char \1;/p'\'''
lt_cv_sys_global_symbol_to_import=
lt_cv_sys_max_cmd_len=786432
lt_cv_to_host_file_cmd=func_convert_file_noop
lt_cv_to_tool_file_cmd=func_convert_file_noop
lt_cv_truncate_bin='/opt/homebrew/opt/coreutils/libexec/gnubin/dd bs=4096 count=1'

## ----------------- ##
## Output variables. ##
## ----------------- ##

ACLOCAL='${SHELL} /Users/humzaqureshi/GitHub/Super-Powered-Robot-Football/ode/missing aclocal-1.15'
ALLOCA=''
AMDEPBACKSLASH='\'
AMDEP_FALSE='#'
AMDEP_TRUE=''
AMTAR='$${TAR-tar}'
AM_BACKSLASH='\'
AM_DEFAULT_V='$(AM_DEFAULT_VERBOSITY)'
AM_DEFAULT_VERBOSITY='1'
AM_V='$(V)'
AR='ar'
AS='as'
AUTOCONF='${SHELL} /Users/humzaqureshi/GitHub/Super-Powered-Robot-Football/ode/missing autoconf'
AUTOHEADER='${SHELL} /Users/humzaqureshi/GitHub/Super-Powered-Robot-Football/ode/missing autoheader'
AUTOMAKE='${SHELL} /Users/humzaqureshi/GitHub/Super-Powered-Robot-Football/ode/missing automake-1.15'
AWK='awk'
CC='g++'
CCDEPMODE='depmode=gcc3'
CCD_CFLAGS=''
CCD_LIBS=''
CFLAGS='-g -O2'
CPP='gcc -E'
CPPFLAGS=''
CXX='g++'
CXXCPP='g++ -E'
CXXDEPMODE='depmode=gcc3'
CXXFLAGS='-g -O2'
CYGPATH_W='echo'
DEFS='-DHAVE_CONFIG_H'
DEPDIR='.deps'
DLLTOOL='false'
DOXYGEN='doxygen'
DSYMUTIL='dsymutil'
DUMPBIN=''
ECHO_C='\c'
ECHO_N=''
ECHO_T=''
EGREP='/usr/bin/grep -E'
ENABLE_DEMOS_FALSE='#'
ENABLE_DEMOS_TRUE=''
ENABLE_DRAWSTUFF_FALSE='#'
ENABLE_DRAWSTUFF_TRUE=''
ENABLE_OU_FALSE='#'
ENABLE_OU_TRUE=''
EXEEXT=''
EXTRA_LIBTOOL_LDFLAGS=''
FGREP='/usr/bin/grep -F'
GIMPACT_FALSE=''
GIMPACT_TRUE='#'
GL_LIBS='-framework OpenGL -framework GLUT'
GREP='/usr/bin/grep'
HAVE_DOXYGEN_FALSE='#'
HAVE_DOXYGEN_TRUE=''
INSTALL_DATA='${INSTALL} -m 644'
INSTALL_PROGRAM='${INSTALL}'
INSTALL_SCRIPT='${INSTALL}'
INSTALL_STRIP_PROGRAM='$(install_sh) -c -s'
LD='/Applications/Xcode.app/Contents/Developer/Toolchains/XcodeDefault.xctoolchain/usr/bin/ld'
LDFLAGS=''
LIBCCD_BOX_CYL_FALSE=''
LIBCCD_BOX_CYL_TRUE='#'
LIBCCD_CAP_CYL_FALSE=''
LIBCCD_CAP_CYL_TRUE='#'
LIBCCD_CONVEX_BOX_FALSE=''
LIBCCD_CONVEX_BOX_TRUE='#'
LIBCCD_CONVEX_CAP_FALSE=''
LIBCCD_CONVEX_CAP_TRUE='#'
LIBCCD_CONVEX_CONVEX_FALSE=''
LIBCCD_CONVEX_CONVEX_TRUE='#'
LIBCCD_CONVEX_CYL_FALSE=''
LIBCCD_CONVEX_CYL_TRUE='#'
LIBCCD_CONVEX_SPHERE_FALSE=''
LIBCCD_CONVEX_SPHERE_TRUE='#'
LIBCCD_CYL_CYL_FALSE=''
LIBCCD_CYL_CYL_TRUE='#'
LIBCCD_FALSE=''
LIBCCD_INTERNAL_FALSE=''
LIBCCD_INTERNAL_TRUE='#'
LIBCCD_TRUE='#'
LIBOBJS=' ${LIBOBJDIR}obstack$U.o'
LIBS='-lm  -lpthread'
LIBSTDCXX='-lstdc++'
LIBTOOL='$(SHELL) $(top_builddir)/libtool'
LIPO='lipo'
LN_S='ln -s'
LTLIBOBJS=' ${LIBOBJDIR}obstack$U.lo'
LT_SYS_LIBRARY_PATH=''
MAKEINFO='${SHELL} /Users/humzaqureshi/GitHub/Super-Powered-Robot-Football/ode/missing makeinfo'
MANIFEST_TOOL=':'
MKDIR_P='/opt/homebrew/opt/coreutils/libexec/gnubin/mkdir -p'
NM='/usr/bin/nm -B'
NMEDIT='nmedit'
OBJDUMP='objdump'
OBJEXT='o'
ODE_PRECISION='dSINGLE'
ODE_VERSION='0.16.5'
ODE_VERSION_INFO='-version-info 9:1:1'
OPCODE_FALSE='#'
OPCODE_TRUE=''
OSX_FALSE='#'
OSX_TRUE=''
OTOOL64=':'
OTOOL='otool'
PACKAGE='ode'
PACKAGE_BUGREPORT='ode@ode.org'
PACKAGE_NAME='ODE'
PACKAGE_STRING='ODE 0.16.5'
PACKAGE_TARNAME='ode'
PACKAGE_URL=''
PACKAGE_VERSION='0.16.5'
PATH_SEPARATOR=':'
PKG_CONFIG='/opt/homebrew/bin/pkg-config'
PKG_CONFIG_LIBDIR=''
PKG_CONFIG_PATH=''
RANLIB='ranlib'
SED='/usr/bin/sed'
SET_MAKE=''
SHELL='/bin/sh'
STRIP='strip'
TRIMESH_FALSE='#'
TRIMESH_TRUE=''
VERSION='0.16.5'
WIN32_FALSE=''
WIN32_TRUE='#'
WINDRES=''
X11_CFLAGS=''
X11_FALSE=''
X11_LIBS=''
X11_TRUE='#'
X86_64_SYSTEM_FALSE=''
X86_64_SYSTEM_TRUE='#'
ac_ct_AR='ar'
ac_ct_CC='gcc'
ac_ct_CXX='g++'
ac_ct_DUMPBIN=''
ac_ct_WINDRES=''
am__EXEEXT_FALSE=''
am__EXEEXT_TRUE='#'
am__fastdepCC_FALSE='#'
am__fastdepCC_TRUE=''
am__fastdepCXX_FALSE='#'
am__fastdepCXX_TRUE=''
am__include='include'
am__isrc=''
am__leading_dot='.'
am__nodep='_no'
am__quote=''
am__tar='$${TAR-tar} chof - "$$tardir"'
am__untar='$${TAR-tar} xf -'
bindir='${exec_prefix}/bin'
build='arm-apple-darwin21.3.0'
build_alias=''
build_cpu='arm'
build_os='darwin21.3.0'
build_vendor='apple'
datadir='${datarootdir}'
datarootdir='${prefix}/share'
docdir='${datarootdir}/doc/${PACKAGE_TARNAME}'
dvidir='${docdir}'
exec_prefix='${prefix}'
host='arm-apple-darwin21.3.0'
host_alias=''
host_cpu='arm'
host_os='darwin21.3.0'
host_vendor='apple'
htmldir='${docdir}'
includedir='${prefix}/include'
infodir='${datarootdir}/info'
install_sh='${SHELL} /Users/humzaqureshi/GitHub/Super-Powered-Robot-Football/ode/install-sh'
libdir='${exec_prefix}/lib'
libexecdir='${exec_prefix}/libexec'
localedir='${datarootdir}/locale'
localstatedir='${prefix}/var'
mandir='${datarootdir}/man'
mkdir_p='$(MKDIR_P)'
oldincludedir='/usr/include'
pdfdir='${docdir}'
prefix='/usr/local'
program_transform_name='s,x,x,'
psdir='${docdir}'
runstatedir='${localstatedir}/run'
sbindir='${exec_prefix}/sbin'
sharedstatedir='${prefix}/com'
subdirs=' ou libccd'
sysconfdir='${prefix}/etc'
target_alias=''

## ----------- ##
## confdefs.h. ##
## ----------- ##

/* confdefs.h */
#define PACKAGE_NAME "ODE"
#define PACKAGE_TARNAME "ode"
#define PACKAGE_VERSION "0.16.5"
#define PACKAGE_STRING "ODE 0.16.5"
#define PACKAGE_BUGREPORT "ode@ode.org"
#define PACKAGE_URL ""
#define PACKAGE "ode"
#define VERSION "0.16.5"
#define STDC_HEADERS 1
#define HAVE_SYS_TYPES_H 1
#define HAVE_SYS_STAT_H 1
#define HAVE_STDLIB_H 1
#define HAVE_STRING_H 1
#define HAVE_MEMORY_H 1
#define HAVE_STRINGS_H 1
#define HAVE_INTTYPES_H 1
#define HAVE_STDINT_H 1
#define HAVE_UNISTD_H 1
#define HAVE_DLFCN_H 1
#define LT_OBJDIR ".libs/"
#define HAVE_ALLOCA_H 1
#define HAVE_STDIO_H 1
#define HAVE_INTTYPES_H 1
#define HAVE_STDINT_H 1
#define HAVE_STDLIB_H 1
#define HAVE_MATH_H 1
#define HAVE_STRING_H 1
#define HAVE_STDARG_H 1
#define HAVE_FLOAT_H 1
#define HAVE_TIME_H 1
#define HAVE_SYS_TIME_H 1
#define HAVE_LIMITS_H 1
#define HAVE_STDDEF_H 1
#define HAVE_APPLE_OPENGL_FRAMEWORK 1
#define HAVE_LIBM 1
#define HAVE_ATAN2F 1
#define HAVE_CLOCK_GETTIME 1
#define HAVE_COPYSIGN 1
#define HAVE_COPYSIGNF 1
#define HAVE_COSF 1
#define HAVE_FABSF 1
#define HAVE_FLOOR 1
#define HAVE_FMODF 1
#define HAVE_GETTIMEOFDAY 1
#define HAVE_ISNAN 1
#define HAVE___ISNANF 1
#define HAVE_MEMMOVE 1
#define HAVE_MEMSET 1
#define HAVE_PTHREAD_ATTR_SETINHERITSCHED 1
#define HAVE_SINF 1
#define HAVE_SNPRINTF 1
#define HAVE_SQRT 1
#define HAVE_SQRTF 1
#define HAVE_STRCHR 1
#define HAVE_STRSTR 1
#define HAVE_VSNPRINTF 1
#define HAVE_ALLOCA_H 1
#define HAVE_ALLOCA 1
#define HAVE_NO_PTHREAD_CONDATTR_SETCLOCK 1
#define _OU_NAMESPACE odeou
#define dOU_ENABLED 1
#define _OU_FEATURE_SET _OU_FEATURE_SET_ATOMICS
#define dATOMICS_ENABLED 1
#define MAC_OS_X_VERSION 1050
#define _OU_TARGET_OS _OU_TARGET_OS_MAC
#define dBUILTIN_THREADING_IMPL_ENABLED 1

configure: exit 0
